#
# There is insufficient memory for the Java Runtime Environment to continue.
# Native memory allocation (malloc) failed to allocate 32744 bytes. Error detail: Chunk::new
# Possible reasons:
#   The system is out of physical RAM or swap space
#   This process is running with CompressedOops enabled, and the Java Heap may be blocking the growth of the native heap
# Possible solutions:
#   Reduce memory load on the system
#   Increase physical memory or swap space
#   Check if swap backing store is full
#   Decrease Java heap size (-Xmx/-Xms)
#   Decrease number of Java threads
#   Decrease Java thread stack sizes (-Xss)
#   Set larger code cache with -XX:ReservedCodeCacheSize=
#   JVM is running with Unscaled Compressed Oops mode in which the Java heap is
#     placed in the first 4GB address space. The Java Heap base address is the
#     maximum limit for the native heap growth. Please use -XX:HeapBaseMinAddress
#     to set the Java Heap base and to place the Java Heap above 4GB virtual address.
# This output file may be truncated or incomplete.
#
#  Out of Memory Error (arena.cpp:168), pid=26420, tid=14064
#
# JRE version: OpenJDK Runtime Environment Temurin-21.0.6+7 (21.0.6+7) (build 21.0.6+7-LTS)
# Java VM: OpenJDK 64-Bit Server VM Temurin-21.0.6+7 (21.0.6+7-LTS, mixed mode, sharing, tiered, compressed oops, compressed class ptrs, parallel gc, windows-amd64)
# No core dump will be written. Minidumps are not enabled by default on client versions of Windows
#

---------------  S U M M A R Y ------------

Command Line: --add-modules=ALL-SYSTEM --add-opens=java.base/java.util=ALL-UNNAMED --add-opens=java.base/java.lang=ALL-UNNAMED --add-opens=java.base/sun.nio.fs=ALL-UNNAMED -Declipse.application=org.eclipse.jdt.ls.core.id1 -Dosgi.bundles.defaultStartLevel=4 -Declipse.product=org.eclipse.jdt.ls.core.product -Djava.import.generatesMetadataFilesAtProjectRoot=false -DDetectVMInstallationsJob.disabled=true -Dfile.encoding=utf8 -XX:+UseParallelGC -XX:GCTimeRatio=4 -XX:AdaptiveSizePolicyWeight=90 -Dsun.zip.disableMemoryMapping=true -Xmx1G -Xms100m -Xlog:disable -javaagent:c:\Users\carlo\.vscode\extensions\redhat.java-1.41.1-win32-x64\lombok\lombok-1.18.36.jar c:\Users\carlo\.vscode\extensions\redhat.java-1.41.1-win32-x64\server\plugins\org.eclipse.equinox.launcher_1.7.0.v20250331-1702.jar -configuration c:\Users\carlo\AppData\Roaming\Code\User\globalStorage\redhat.java\1.41.1\config_ss_win -data c:\Users\carlo\AppData\Roaming\Code\User\workspaceStorage\d3e6e87d2bd02a0ff877685e21a13f91\redhat.java\ss_ws --pipe=\\.\pipe\lsp-80035537d5c1d48b0ace2388aa36f27b-sock

Host: AMD Ryzen 5 4600H with Radeon Graphics         , 12 cores, 15G,  Windows 11 , 64 bit Build 26100 (10.0.26100.3912)
Time: Mon May 12 23:26:02 2025 Hora estándar central (México) elapsed time: 23.302088 seconds (0d 0h 0m 23s)

---------------  T H R E A D  ---------------

Current thread (0x0000019be3f25fe0):  JavaThread "C2 CompilerThread0" daemon [_thread_in_native, id=14064, stack(0x00000034a0300000,0x00000034a0400000) (1024K)]


Current CompileTask:
C2:23302 7284       4       java.lang.invoke.MethodType::makeImpl (109 bytes)

Stack: [0x00000034a0300000,0x00000034a0400000]
Native frames: (J=compiled Java code, j=interpreted, Vv=VM code, C=native code)
V  [jvm.dll+0x6cdee9]
V  [jvm.dll+0x8a83d1]
V  [jvm.dll+0x8aa8fe]
V  [jvm.dll+0x8aafe3]
V  [jvm.dll+0x27f706]
V  [jvm.dll+0xc500d]
V  [jvm.dll+0xc5543]
V  [jvm.dll+0x2e6a86]
V  [jvm.dll+0x2e687b]
V  [jvm.dll+0x8656a0]
V  [jvm.dll+0xbcb35]
V  [jvm.dll+0x69825b]
V  [jvm.dll+0x697b70]
V  [jvm.dll+0x6f7499]
V  [jvm.dll+0x6deb86]
V  [jvm.dll+0x6e27c3]
V  [jvm.dll+0x6e804f]
V  [jvm.dll+0x6e0503]
V  [jvm.dll+0x6dfc1e]
V  [jvm.dll+0x6ddd0c]
V  [jvm.dll+0x1ca62c]
V  [jvm.dll+0x2f1cdc]
V  [jvm.dll+0x6e8512]
V  [jvm.dll+0x6e0503]
V  [jvm.dll+0x6dfc1e]
V  [jvm.dll+0x6ddd0c]
V  [jvm.dll+0x1ca62c]
V  [jvm.dll+0x2f1cdc]
V  [jvm.dll+0x6e8512]
V  [jvm.dll+0x6e0503]
V  [jvm.dll+0x6dfc1e]
V  [jvm.dll+0x6ddd0c]
V  [jvm.dll+0x1ca62c]
V  [jvm.dll+0x246b3e]
V  [jvm.dll+0x1c75ee]
V  [jvm.dll+0x25685a]
V  [jvm.dll+0x254dfa]
V  [jvm.dll+0x3f0256]
V  [jvm.dll+0x851f8b]
V  [jvm.dll+0x6cc5ed]
C  [ucrtbase.dll+0x37b0]
C  [KERNEL32.DLL+0x2e8d7]
C  [ntdll.dll+0x9c5dc]


---------------  P R O C E S S  ---------------

Threads class SMR info:
_java_thread_list=0x0000019beca58150, length=46, elements={
0x0000019b8b1dbf30, 0x0000019b8d6633b0, 0x0000019b8d664f70, 0x0000019b8d667fc0,
0x0000019b8d668c10, 0x0000019b8d66f040, 0x0000019b8d672370, 0x0000019be3f25fe0,
0x0000019be3f27b40, 0x0000019be3ff7ed0, 0x0000019be42687b0, 0x0000019be97b5340,
0x0000019be9bc3900, 0x0000019be9bc3f60, 0x0000019be9bb7460, 0x0000019be9a3a440,
0x0000019be42c5340, 0x0000019be9d21fb0, 0x0000019be9d40c00, 0x0000019be9d3f850,
0x0000019be9d3fee0, 0x0000019be9d3f1c0, 0x0000019be9d40570, 0x0000019be9d41290,
0x0000019be9d41920, 0x0000019be9d41fb0, 0x0000019be9d3eb30, 0x0000019beb766320,
0x0000019beb762ea0, 0x0000019beb765600, 0x0000019beb765c90, 0x0000019beb7669b0,
0x0000019beb7648e0, 0x0000019beb763530, 0x0000019beb764f70, 0x0000019beb767040,
0x0000019beb763bc0, 0x0000019beb7676d0, 0x0000019beb764250, 0x0000019beb768a80,
0x0000019beb7683f0, 0x0000019beb7697a0, 0x0000019beb76a4c0, 0x0000019beb190240,
0x0000019beb18e170, 0x0000019beb18e800
}

Java Threads: ( => current thread )
  0x0000019b8b1dbf30 JavaThread "main"                              [_thread_in_vm, id=21520, stack(0x000000349f900000,0x000000349fa00000) (1024K)]
  0x0000019b8d6633b0 JavaThread "Reference Handler"          daemon [_thread_blocked, id=18028, stack(0x000000349fd00000,0x000000349fe00000) (1024K)]
  0x0000019b8d664f70 JavaThread "Finalizer"                  daemon [_thread_blocked, id=24896, stack(0x000000349fe00000,0x000000349ff00000) (1024K)]
  0x0000019b8d667fc0 JavaThread "Signal Dispatcher"          daemon [_thread_blocked, id=20112, stack(0x000000349ff00000,0x00000034a0000000) (1024K)]
  0x0000019b8d668c10 JavaThread "Attach Listener"            daemon [_thread_blocked, id=10284, stack(0x00000034a0000000,0x00000034a0100000) (1024K)]
  0x0000019b8d66f040 JavaThread "Service Thread"             daemon [_thread_blocked, id=16044, stack(0x00000034a0100000,0x00000034a0200000) (1024K)]
  0x0000019b8d672370 JavaThread "Monitor Deflation Thread"   daemon [_thread_blocked, id=7816, stack(0x00000034a0200000,0x00000034a0300000) (1024K)]
=>0x0000019be3f25fe0 JavaThread "C2 CompilerThread0"         daemon [_thread_in_native, id=14064, stack(0x00000034a0300000,0x00000034a0400000) (1024K)]
  0x0000019be3f27b40 JavaThread "C1 CompilerThread0"         daemon [_thread_in_native, id=3256, stack(0x00000034a0400000,0x00000034a0500000) (1024K)]
  0x0000019be3ff7ed0 JavaThread "Common-Cleaner"             daemon [_thread_blocked, id=12140, stack(0x00000034a0500000,0x00000034a0600000) (1024K)]
  0x0000019be42687b0 JavaThread "Notification Thread"        daemon [_thread_blocked, id=23632, stack(0x00000034a0600000,0x00000034a0700000) (1024K)]
  0x0000019be97b5340 JavaThread "Active Thread: Equinox Container: 785b2976-3a0c-4ac5-92e2-6cea1792cfb1"        [_thread_blocked, id=1272, stack(0x00000034a0f00000,0x00000034a1000000) (1024K)]
  0x0000019be9bc3900 JavaThread "Framework Event Dispatcher: Equinox Container: 785b2976-3a0c-4ac5-92e2-6cea1792cfb1" daemon [_thread_blocked, id=24904, stack(0x00000034a1000000,0x00000034a1100000) (1024K)]
  0x0000019be9bc3f60 JavaThread "Start Level: Equinox Container: 785b2976-3a0c-4ac5-92e2-6cea1792cfb1" daemon [_thread_blocked, id=7812, stack(0x00000034a1100000,0x00000034a1200000) (1024K)]
  0x0000019be9bb7460 JavaThread "SCR Component Actor"        daemon [_thread_blocked, id=9208, stack(0x00000034a1200000,0x00000034a1300000) (1024K)]
  0x0000019be9a3a440 JavaThread "Worker-JM"                         [_thread_blocked, id=1324, stack(0x00000034a0800000,0x00000034a0900000) (1024K)]
  0x0000019be42c5340 JavaThread "JNA Cleaner"                daemon [_thread_blocked, id=15712, stack(0x00000034a0700000,0x00000034a0800000) (1024K)]
  0x0000019be9d21fb0 JavaThread "Worker-0"                          [_thread_blocked, id=20188, stack(0x00000034a1700000,0x00000034a1800000) (1024K)]
  0x0000019be9d40c00 JavaThread "Worker-1"                          [_thread_blocked, id=19980, stack(0x00000034a1800000,0x00000034a1900000) (1024K)]
  0x0000019be9d3f850 JavaThread "Thread-2"                   daemon [_thread_in_native, id=23432, stack(0x00000034a1d00000,0x00000034a1e00000) (1024K)]
  0x0000019be9d3fee0 JavaThread "Thread-3"                   daemon [_thread_in_native, id=12392, stack(0x00000034a1e00000,0x00000034a1f00000) (1024K)]
  0x0000019be9d3f1c0 JavaThread "Thread-4"                   daemon [_thread_in_native, id=12984, stack(0x00000034a1f00000,0x00000034a2000000) (1024K)]
  0x0000019be9d40570 JavaThread "Thread-5"                   daemon [_thread_in_native, id=11080, stack(0x00000034a2000000,0x00000034a2100000) (1024K)]
  0x0000019be9d41290 JavaThread "Thread-6"                   daemon [_thread_in_native, id=21524, stack(0x00000034a2100000,0x00000034a2200000) (1024K)]
  0x0000019be9d41920 JavaThread "Thread-7"                   daemon [_thread_in_native, id=21460, stack(0x00000034a2200000,0x00000034a2300000) (1024K)]
  0x0000019be9d41fb0 JavaThread "Thread-8"                   daemon [_thread_in_native, id=26172, stack(0x00000034a2300000,0x00000034a2400000) (1024K)]
  0x0000019be9d3eb30 JavaThread "Thread-9"                   daemon [_thread_in_native, id=11344, stack(0x00000034a2400000,0x00000034a2500000) (1024K)]
  0x0000019beb766320 JavaThread "Thread-10"                  daemon [_thread_in_native, id=25944, stack(0x00000034a2500000,0x00000034a2600000) (1024K)]
  0x0000019beb762ea0 JavaThread "Thread-11"                  daemon [_thread_in_native, id=21452, stack(0x00000034a2600000,0x00000034a2700000) (1024K)]
  0x0000019beb765600 JavaThread "Thread-12"                  daemon [_thread_in_native, id=3112, stack(0x00000034a2700000,0x00000034a2800000) (1024K)]
  0x0000019beb765c90 JavaThread "Thread-13"                  daemon [_thread_in_native, id=2112, stack(0x00000034a2800000,0x00000034a2900000) (1024K)]
  0x0000019beb7669b0 JavaThread "Thread-14"                  daemon [_thread_in_native, id=9196, stack(0x00000034a2900000,0x00000034a2a00000) (1024K)]
  0x0000019beb7648e0 JavaThread "pool-2-thread-1"                   [_thread_blocked, id=21164, stack(0x00000034a2a00000,0x00000034a2b00000) (1024K)]
  0x0000019beb763530 JavaThread "Worker-2"                          [_thread_blocked, id=26024, stack(0x00000034a2b00000,0x00000034a2c00000) (1024K)]
  0x0000019beb764f70 JavaThread "WorkspaceEventsHandler"            [_thread_blocked, id=9276, stack(0x00000034a2c00000,0x00000034a2d00000) (1024K)]
  0x0000019beb767040 JavaThread "pool-1-thread-1"                   [_thread_in_Java, id=14504, stack(0x00000034a2d00000,0x00000034a2e00000) (1024K)]
  0x0000019beb763bc0 JavaThread "ForkJoinPool.commonPool-worker-1" daemon [_thread_blocked, id=21112, stack(0x00000034a1900000,0x00000034a1a00000) (1024K)]
  0x0000019beb7676d0 JavaThread "ForkJoinPool.commonPool-worker-2" daemon [_thread_blocked, id=23236, stack(0x00000034a2e00000,0x00000034a2f00000) (1024K)]
  0x0000019beb764250 JavaThread "ForkJoinPool.commonPool-worker-3" daemon [_thread_blocked, id=12824, stack(0x00000034a2f00000,0x00000034a3000000) (1024K)]
  0x0000019beb768a80 JavaThread "ForkJoinPool.commonPool-worker-4" daemon [_thread_blocked, id=22904, stack(0x00000034a3000000,0x00000034a3100000) (1024K)]
  0x0000019beb7683f0 JavaThread "ForkJoinPool.commonPool-worker-5" daemon [_thread_blocked, id=16824, stack(0x00000034a3100000,0x00000034a3200000) (1024K)]
  0x0000019beb7697a0 JavaThread "Worker-3"                          [_thread_blocked, id=19564, stack(0x00000034a3200000,0x00000034a3300000) (1024K)]
  0x0000019beb76a4c0 JavaThread "Compiler Source File Reader" daemon [_thread_blocked, id=19808, stack(0x00000034a3300000,0x00000034a3400000) (1024K)]
  0x0000019beb190240 JavaThread "Compiler Processing Task"   daemon [_thread_blocked, id=10424, stack(0x00000034a3400000,0x00000034a3500000) (1024K)]
  0x0000019beb18e170 JavaThread "Compiler Source File Reader" daemon [_thread_blocked, id=25156, stack(0x00000034a3500000,0x00000034a3600000) (1024K)]
  0x0000019beb18e800 JavaThread "pool-3-thread-1"                   [_thread_new, id=16620, stack(0x0000000000000000,0x0000000000000000) (0B)]
Total: 46

Other Threads:
  0x0000019b8d65ebe0 VMThread "VM Thread"                           [id=8552, stack(0x000000349fc00000,0x000000349fd00000) (1024K)]
  0x0000019ba188ca00 WatcherThread "VM Periodic Task Thread"        [id=21196, stack(0x000000349fb00000,0x000000349fc00000) (1024K)]
  0x0000019b8d5dbfb0 WorkerThread "GC Thread#0"                     [id=23840, stack(0x000000349fa00000,0x000000349fb00000) (1024K)]
  0x0000019be933e6e0 WorkerThread "GC Thread#1"                     [id=672, stack(0x00000034a0900000,0x00000034a0a00000) (1024K)]
  0x0000019be933ea80 WorkerThread "GC Thread#2"                     [id=11968, stack(0x00000034a0a00000,0x00000034a0b00000) (1024K)]
  0x0000019be933ee20 WorkerThread "GC Thread#3"                     [id=12864, stack(0x00000034a0b00000,0x00000034a0c00000) (1024K)]
  0x0000019be9644dd0 WorkerThread "GC Thread#4"                     [id=24304, stack(0x00000034a0c00000,0x00000034a0d00000) (1024K)]
  0x0000019be9645170 WorkerThread "GC Thread#5"                     [id=25432, stack(0x00000034a0d00000,0x00000034a0e00000) (1024K)]
  0x0000019be9502760 WorkerThread "GC Thread#6"                     [id=3196, stack(0x00000034a0e00000,0x00000034a0f00000) (1024K)]
  0x0000019be95018e0 WorkerThread "GC Thread#7"                     [id=1492, stack(0x00000034a1300000,0x00000034a1400000) (1024K)]
  0x0000019be9501c80 WorkerThread "GC Thread#8"                     [id=10188, stack(0x00000034a1500000,0x00000034a1600000) (1024K)]
  0x0000019be95023c0 WorkerThread "GC Thread#9"                     [id=16780, stack(0x00000034a1600000,0x00000034a1700000) (1024K)]
Total: 12

Threads with active compile tasks:
C2 CompilerThread0  23333 7284       4       java.lang.invoke.MethodType::makeImpl (109 bytes)
C1 CompilerThread0  23333 7292       3       java.text.SimpleDateFormat::subFormat (1264 bytes)
Total: 2

VM state: not at safepoint (normal execution)

VM Mutex/Monitor currently owned by a thread: None

OutOfMemory and StackOverflow Exception counts:
OutOfMemoryError java_heap_errors=1
LinkageErrors=130

Heap address: 0x00000000c0000000, size: 1024 MB, Compressed Oops mode: 32-bit

CDS archive(s) mapped at: [0x0000019ba2000000-0x0000019ba2ba0000-0x0000019ba2ba0000), size 12189696, SharedBaseAddress: 0x0000019ba2000000, ArchiveRelocationMode: 1.
Compressed class space mapped at: 0x0000019ba3000000-0x0000019be3000000, reserved size: 1073741824
Narrow klass base: 0x0000019ba2000000, Narrow klass shift: 0, Narrow klass range: 0x100000000

GC Precious Log:
 CardTable entry size: 512
 CPUs: 12 total, 12 available
 Memory: 15741M
 Large Page Support: Disabled
 NUMA Support: Disabled
 Compressed Oops: Enabled (32-bit)
 Alignments: Space 512K, Generation 512K, Heap 2M
 Heap Min Capacity: 100M
 Heap Initial Capacity: 100M
 Heap Max Capacity: 1G
 Pre-touch: Disabled
 Parallel Workers: 10

Heap:
 PSYoungGen      total 18944K, used 8117K [0x00000000eab00000, 0x00000000ec180000, 0x0000000100000000)
  eden space 16896K, 38% used [0x00000000eab00000,0x00000000eb1489a0,0x00000000ebb80000)
  from space 2048K, 82% used [0x00000000ebf80000,0x00000000ec124df0,0x00000000ec180000)
  to   space 2560K, 0% used [0x00000000ebc80000,0x00000000ebc80000,0x00000000ebf00000)
 ParOldGen       total 68608K, used 40025K [0x00000000c0000000, 0x00000000c4300000, 0x00000000eab00000)
  object space 68608K, 58% used [0x00000000c0000000,0x00000000c27164b0,0x00000000c4300000)
 Metaspace       used 43592K, committed 44672K, reserved 1114112K
  class space    used 4193K, committed 4672K, reserved 1048576K

Card table byte_map: [0x0000019b8cf60000,0x0000019b8d170000] _byte_map_base: 0x0000019b8c960000

Marking Bits: (ParMarkBitMap*) 0x00007ffcbc573260
 Begin Bits: [0x0000019b9f7b0000, 0x0000019ba07b0000)
 End Bits:   [0x0000019ba07b0000, 0x0000019ba17b0000)

Polling page: 0x0000019b8b190000

Metaspace:

Usage:
  Non-class:     38.48 MB used.
      Class:      4.09 MB used.
       Both:     42.57 MB used.

Virtual space:
  Non-class space:       64.00 MB reserved,      39.06 MB ( 61%) committed,  1 nodes.
      Class space:        1.00 GB reserved,       4.56 MB ( <1%) committed,  1 nodes.
             Both:        1.06 GB reserved,      43.62 MB (  4%) committed. 

Chunk freelists:
   Non-Class:  8.67 MB
       Class:  11.50 MB
        Both:  20.17 MB

MaxMetaspaceSize: unlimited
CompressedClassSpaceSize: 1.00 GB
Initial GC threshold: 21.00 MB
Current GC threshold: 58.38 MB
CDS: on
 - commit_granule_bytes: 65536.
 - commit_granule_words: 8192.
 - virtual_space_node_default_size: 8388608.
 - enlarge_chunks_in_place: 1.
 - use_allocation_guard: 0.


Internal statistics:

num_allocs_failed_limit: 6.
num_arena_births: 1068.
num_arena_deaths: 126.
num_vsnodes_births: 2.
num_vsnodes_deaths: 0.
num_space_committed: 698.
num_space_uncommitted: 0.
num_chunks_returned_to_freelist: 175.
num_chunks_taken_from_freelist: 3133.
num_chunk_merges: 54.
num_chunk_splits: 1885.
num_chunks_enlarged: 1036.
num_inconsistent_stats: 0.

CodeHeap 'non-profiled nmethods': size=120000Kb used=4675Kb max_used=4675Kb free=115325Kb
 bounds [0x0000019b98280000, 0x0000019b98720000, 0x0000019b9f7b0000]
CodeHeap 'profiled nmethods': size=120000Kb used=15871Kb max_used=15871Kb free=104128Kb
 bounds [0x0000019b907b0000, 0x0000019b91730000, 0x0000019b97ce0000]
CodeHeap 'non-nmethods': size=5760Kb used=1402Kb max_used=1489Kb free=4357Kb
 bounds [0x0000019b97ce0000, 0x0000019b97f50000, 0x0000019b98280000]
 total_blobs=7580 nmethods=6877 adapters=608
 compilation: enabled
              stopped_count=0, restarted_count=0
 full_count=0

Compilation events (20 events):
Event: 23.277 Thread 0x0000019be3f27b40 7275       3       com.sun.org.apache.xerces.internal.util.AugmentationsImpl$SmallContainer::<init> (25 bytes)
Event: 23.278 Thread 0x0000019be3f27b40 nmethod 7275 0x0000019b9172b110 code [0x0000019b9172b2c0, 0x0000019b9172b558]
Event: 23.279 Thread 0x0000019be3f27b40 7276       1       jdk.xml.internal.XMLSecurityManager$Limit::systemProperty (5 bytes)
Event: 23.279 Thread 0x0000019be3f27b40 nmethod 7276 0x0000019b9870f090 code [0x0000019b9870f220, 0x0000019b9870f2e8]
Event: 23.280 Thread 0x0000019be3f27b40 7277       3       com.sun.org.apache.xml.internal.serializer.WriterToUTF8Buffered::write (296 bytes)
Event: 23.280 Thread 0x0000019be3f27b40 nmethod 7277 0x0000019b9172b690 code [0x0000019b9172b8a0, 0x0000019b9172bed8]
Event: 23.285 Thread 0x0000019be3f27b40 7278       3       java.io.FileDescriptor$1::getHandle (5 bytes)
Event: 23.285 Thread 0x0000019be3f27b40 nmethod 7278 0x0000019b9172c190 code [0x0000019b9172c320, 0x0000019b9172c438]
Event: 23.287 Thread 0x0000019be3f27b40 7279       3       java.lang.invoke.SimpleMethodHandle::speciesData (4 bytes)
Event: 23.287 Thread 0x0000019be3f27b40 nmethod 7279 0x0000019b9172c510 code [0x0000019b9172c6a0, 0x0000019b9172c7b8]
Event: 23.288 Thread 0x0000019be3f27b40 7280       3       java.io.FileCleanable::register (49 bytes)
Event: 23.289 Thread 0x0000019be3f27b40 nmethod 7280 0x0000019b9172c890 code [0x0000019b9172caa0, 0x0000019b9172d280]
Event: 23.289 Thread 0x0000019be3f27b40 7281       3       java.io.FileDescriptor$1::get (5 bytes)
Event: 23.289 Thread 0x0000019be3f27b40 nmethod 7281 0x0000019b9172d590 code [0x0000019b9172d720, 0x0000019b9172d838]
Event: 23.289 Thread 0x0000019be3f27b40 7283       3       org.eclipse.core.internal.jobs.JobListeners::getJobListenerTimeout (4 bytes)
Event: 23.289 Thread 0x0000019be3f27b40 nmethod 7283 0x0000019b9172d910 code [0x0000019b9172daa0, 0x0000019b9172db98]
Event: 23.289 Thread 0x0000019be3f27b40 7282  s    3       java.io.FileDescriptor::registerCleanup (27 bytes)
Event: 23.290 Thread 0x0000019be3f27b40 nmethod 7282 0x0000019b9172dc10 code [0x0000019b9172dde0, 0x0000019b9172e240]
Event: 23.300 Thread 0x0000019be3f25fe0 7284       4       java.lang.invoke.MethodType::makeImpl (109 bytes)
Event: 23.300 Thread 0x0000019be3f27b40 7285       3       java.lang.invoke.LambdaForm$MH/0x0000019ba3019400::invoke (110 bytes)

GC Heap History (20 events):
Event: 6.847 GC heap before
{Heap before GC invocations=19 (full 1):
 PSYoungGen      total 24064K, used 12763K [0x00000000eab00000, 0x00000000ec480000, 0x0000000100000000)
  eden space 22016K, 50% used [0x00000000eab00000,0x00000000eb5e3d50,0x00000000ec080000)
  from space 2048K, 78% used [0x00000000ec080000,0x00000000ec212ff0,0x00000000ec280000)
  to   space 2048K, 0% used [0x00000000ec280000,0x00000000ec280000,0x00000000ec480000)
 ParOldGen       total 68608K, used 29770K [0x00000000c0000000, 0x00000000c4300000, 0x00000000eab00000)
  object space 68608K, 43% used [0x00000000c0000000,0x00000000c1d129d0,0x00000000c4300000)
 Metaspace       used 34967K, committed 35840K, reserved 1114112K
  class space    used 3463K, committed 3840K, reserved 1048576K
}
Event: 6.849 GC heap after
{Heap after GC invocations=19 (full 1):
 PSYoungGen      total 22528K, used 352K [0x00000000eab00000, 0x00000000ec300000, 0x0000000100000000)
  eden space 22016K, 0% used [0x00000000eab00000,0x00000000eab00000,0x00000000ec080000)
  from space 512K, 68% used [0x00000000ec280000,0x00000000ec2d8000,0x00000000ec300000)
  to   space 1024K, 0% used [0x00000000ec100000,0x00000000ec100000,0x00000000ec200000)
 ParOldGen       total 68608K, used 31281K [0x00000000c0000000, 0x00000000c4300000, 0x00000000eab00000)
  object space 68608K, 45% used [0x00000000c0000000,0x00000000c1e8c518,0x00000000c4300000)
 Metaspace       used 34967K, committed 35840K, reserved 1114112K
  class space    used 3463K, committed 3840K, reserved 1048576K
}
Event: 6.849 GC heap before
{Heap before GC invocations=20 (full 2):
 PSYoungGen      total 22528K, used 352K [0x00000000eab00000, 0x00000000ec300000, 0x0000000100000000)
  eden space 22016K, 0% used [0x00000000eab00000,0x00000000eab00000,0x00000000ec080000)
  from space 512K, 68% used [0x00000000ec280000,0x00000000ec2d8000,0x00000000ec300000)
  to   space 1024K, 0% used [0x00000000ec100000,0x00000000ec100000,0x00000000ec200000)
 ParOldGen       total 68608K, used 31281K [0x00000000c0000000, 0x00000000c4300000, 0x00000000eab00000)
  object space 68608K, 45% used [0x00000000c0000000,0x00000000c1e8c518,0x00000000c4300000)
 Metaspace       used 34967K, committed 35840K, reserved 1114112K
  class space    used 3463K, committed 3840K, reserved 1048576K
}
Event: 6.899 GC heap after
{Heap after GC invocations=20 (full 2):
 PSYoungGen      total 22528K, used 0K [0x00000000eab00000, 0x00000000ec300000, 0x0000000100000000)
  eden space 22016K, 0% used [0x00000000eab00000,0x00000000eab00000,0x00000000ec080000)
  from space 512K, 0% used [0x00000000ec280000,0x00000000ec280000,0x00000000ec300000)
  to   space 1024K, 0% used [0x00000000ec100000,0x00000000ec100000,0x00000000ec200000)
 ParOldGen       total 68608K, used 29507K [0x00000000c0000000, 0x00000000c4300000, 0x00000000eab00000)
  object space 68608K, 43% used [0x00000000c0000000,0x00000000c1cd0fe8,0x00000000c4300000)
 Metaspace       used 34869K, committed 35840K, reserved 1114112K
  class space    used 3436K, committed 3840K, reserved 1048576K
}
Event: 7.528 GC heap before
{Heap before GC invocations=21 (full 2):
 PSYoungGen      total 22528K, used 21870K [0x00000000eab00000, 0x00000000ec300000, 0x0000000100000000)
  eden space 22016K, 99% used [0x00000000eab00000,0x00000000ec05bac8,0x00000000ec080000)
  from space 512K, 0% used [0x00000000ec280000,0x00000000ec280000,0x00000000ec300000)
  to   space 1024K, 0% used [0x00000000ec100000,0x00000000ec100000,0x00000000ec200000)
 ParOldGen       total 68608K, used 29507K [0x00000000c0000000, 0x00000000c4300000, 0x00000000eab00000)
  object space 68608K, 43% used [0x00000000c0000000,0x00000000c1cd0fe8,0x00000000c4300000)
 Metaspace       used 36334K, committed 37184K, reserved 1114112K
  class space    used 3571K, committed 3968K, reserved 1048576K
}
Event: 7.530 GC heap after
{Heap after GC invocations=21 (full 2):
 PSYoungGen      total 23040K, used 1014K [0x00000000eab00000, 0x00000000ec480000, 0x0000000100000000)
  eden space 22016K, 0% used [0x00000000eab00000,0x00000000eab00000,0x00000000ec080000)
  from space 1024K, 99% used [0x00000000ec100000,0x00000000ec1fdbc0,0x00000000ec200000)
  to   space 2048K, 0% used [0x00000000ec280000,0x00000000ec280000,0x00000000ec480000)
 ParOldGen       total 68608K, used 30197K [0x00000000c0000000, 0x00000000c4300000, 0x00000000eab00000)
  object space 68608K, 44% used [0x00000000c0000000,0x00000000c1d7d7a0,0x00000000c4300000)
 Metaspace       used 36334K, committed 37184K, reserved 1114112K
  class space    used 3571K, committed 3968K, reserved 1048576K
}
Event: 7.669 GC heap before
{Heap before GC invocations=22 (full 2):
 PSYoungGen      total 23040K, used 23030K [0x00000000eab00000, 0x00000000ec480000, 0x0000000100000000)
  eden space 22016K, 100% used [0x00000000eab00000,0x00000000ec080000,0x00000000ec080000)
  from space 1024K, 99% used [0x00000000ec100000,0x00000000ec1fdbc0,0x00000000ec200000)
  to   space 2048K, 0% used [0x00000000ec280000,0x00000000ec280000,0x00000000ec480000)
 ParOldGen       total 68608K, used 30197K [0x00000000c0000000, 0x00000000c4300000, 0x00000000eab00000)
  object space 68608K, 44% used [0x00000000c0000000,0x00000000c1d7d7a0,0x00000000c4300000)
 Metaspace       used 36369K, committed 37248K, reserved 1114112K
  class space    used 3571K, committed 3968K, reserved 1048576K
}
Event: 7.671 GC heap after
{Heap after GC invocations=22 (full 2):
 PSYoungGen      total 23040K, used 905K [0x00000000eab00000, 0x00000000ec380000, 0x0000000100000000)
  eden space 22016K, 0% used [0x00000000eab00000,0x00000000eab00000,0x00000000ec080000)
  from space 1024K, 88% used [0x00000000ec280000,0x00000000ec362658,0x00000000ec380000)
  to   space 1536K, 0% used [0x00000000ec080000,0x00000000ec080000,0x00000000ec200000)
 ParOldGen       total 68608K, used 31419K [0x00000000c0000000, 0x00000000c4300000, 0x00000000eab00000)
  object space 68608K, 45% used [0x00000000c0000000,0x00000000c1eaee58,0x00000000c4300000)
 Metaspace       used 36369K, committed 37248K, reserved 1114112K
  class space    used 3571K, committed 3968K, reserved 1048576K
}
Event: 7.983 GC heap before
{Heap before GC invocations=23 (full 2):
 PSYoungGen      total 23040K, used 22921K [0x00000000eab00000, 0x00000000ec380000, 0x0000000100000000)
  eden space 22016K, 100% used [0x00000000eab00000,0x00000000ec080000,0x00000000ec080000)
  from space 1024K, 88% used [0x00000000ec280000,0x00000000ec362658,0x00000000ec380000)
  to   space 1536K, 0% used [0x00000000ec080000,0x00000000ec080000,0x00000000ec200000)
 ParOldGen       total 68608K, used 31419K [0x00000000c0000000, 0x00000000c4300000, 0x00000000eab00000)
  object space 68608K, 45% used [0x00000000c0000000,0x00000000c1eaee58,0x00000000c4300000)
 Metaspace       used 38007K, committed 38848K, reserved 1114112K
  class space    used 3742K, committed 4096K, reserved 1048576K
}
Event: 7.985 GC heap after
{Heap after GC invocations=23 (full 2):
 PSYoungGen      total 23552K, used 1344K [0x00000000eab00000, 0x00000000ec380000, 0x0000000100000000)
  eden space 22016K, 0% used [0x00000000eab00000,0x00000000eab00000,0x00000000ec080000)
  from space 1536K, 87% used [0x00000000ec080000,0x00000000ec1d0040,0x00000000ec200000)
  to   space 1536K, 0% used [0x00000000ec200000,0x00000000ec200000,0x00000000ec380000)
 ParOldGen       total 68608K, used 31459K [0x00000000c0000000, 0x00000000c4300000, 0x00000000eab00000)
  object space 68608K, 45% used [0x00000000c0000000,0x00000000c1eb8e58,0x00000000c4300000)
 Metaspace       used 38007K, committed 38848K, reserved 1114112K
  class space    used 3742K, committed 4096K, reserved 1048576K
}
Event: 8.449 GC heap before
{Heap before GC invocations=24 (full 2):
 PSYoungGen      total 23552K, used 23360K [0x00000000eab00000, 0x00000000ec380000, 0x0000000100000000)
  eden space 22016K, 100% used [0x00000000eab00000,0x00000000ec080000,0x00000000ec080000)
  from space 1536K, 87% used [0x00000000ec080000,0x00000000ec1d0040,0x00000000ec200000)
  to   space 1536K, 0% used [0x00000000ec200000,0x00000000ec200000,0x00000000ec380000)
 ParOldGen       total 68608K, used 31459K [0x00000000c0000000, 0x00000000c4300000, 0x00000000eab00000)
  object space 68608K, 45% used [0x00000000c0000000,0x00000000c1eb8e58,0x00000000c4300000)
 Metaspace       used 39079K, committed 40000K, reserved 1114112K
  class space    used 3841K, committed 4224K, reserved 1048576K
}
Event: 8.452 GC heap after
{Heap after GC invocations=24 (full 2):
 PSYoungGen      total 23040K, used 547K [0x00000000eab00000, 0x00000000ec300000, 0x0000000100000000)
  eden space 22016K, 0% used [0x00000000eab00000,0x00000000eab00000,0x00000000ec080000)
  from space 1024K, 53% used [0x00000000ec200000,0x00000000ec288dc0,0x00000000ec300000)
  to   space 1024K, 0% used [0x00000000ec100000,0x00000000ec100000,0x00000000ec200000)
 ParOldGen       total 68608K, used 32659K [0x00000000c0000000, 0x00000000c4300000, 0x00000000eab00000)
  object space 68608K, 47% used [0x00000000c0000000,0x00000000c1fe4ef8,0x00000000c4300000)
 Metaspace       used 39079K, committed 40000K, reserved 1114112K
  class space    used 3841K, committed 4224K, reserved 1048576K
}
Event: 9.497 GC heap before
{Heap before GC invocations=25 (full 2):
 PSYoungGen      total 23040K, used 22563K [0x00000000eab00000, 0x00000000ec300000, 0x0000000100000000)
  eden space 22016K, 99% used [0x00000000eab00000,0x00000000ec07fff8,0x00000000ec080000)
  from space 1024K, 53% used [0x00000000ec200000,0x00000000ec288dc0,0x00000000ec300000)
  to   space 1024K, 0% used [0x00000000ec100000,0x00000000ec100000,0x00000000ec200000)
 ParOldGen       total 68608K, used 32659K [0x00000000c0000000, 0x00000000c4300000, 0x00000000eab00000)
  object space 68608K, 47% used [0x00000000c0000000,0x00000000c1fe4ef8,0x00000000c4300000)
 Metaspace       used 40236K, committed 41216K, reserved 1114112K
  class space    used 3949K, committed 4352K, reserved 1048576K
}
Event: 9.499 GC heap after
{Heap after GC invocations=25 (full 2):
 PSYoungGen      total 23040K, used 851K [0x00000000eab00000, 0x00000000ec280000, 0x0000000100000000)
  eden space 22016K, 0% used [0x00000000eab00000,0x00000000eab00000,0x00000000ec080000)
  from space 1024K, 83% used [0x00000000ec100000,0x00000000ec1d4df0,0x00000000ec200000)
  to   space 512K, 0% used [0x00000000ec200000,0x00000000ec200000,0x00000000ec280000)
 ParOldGen       total 68608K, used 33047K [0x00000000c0000000, 0x00000000c4300000, 0x00000000eab00000)
  object space 68608K, 48% used [0x00000000c0000000,0x00000000c2045cb8,0x00000000c4300000)
 Metaspace       used 40236K, committed 41216K, reserved 1114112K
  class space    used 3949K, committed 4352K, reserved 1048576K
}
Event: 10.868 GC heap before
{Heap before GC invocations=26 (full 2):
 PSYoungGen      total 23040K, used 22867K [0x00000000eab00000, 0x00000000ec280000, 0x0000000100000000)
  eden space 22016K, 100% used [0x00000000eab00000,0x00000000ec080000,0x00000000ec080000)
  from space 1024K, 83% used [0x00000000ec100000,0x00000000ec1d4df0,0x00000000ec200000)
  to   space 512K, 0% used [0x00000000ec200000,0x00000000ec200000,0x00000000ec280000)
 ParOldGen       total 68608K, used 33047K [0x00000000c0000000, 0x00000000c4300000, 0x00000000eab00000)
  object space 68608K, 48% used [0x00000000c0000000,0x00000000c2045cb8,0x00000000c4300000)
 Metaspace       used 41438K, committed 42368K, reserved 1114112K
  class space    used 4027K, committed 4416K, reserved 1048576K
}
Event: 10.871 GC heap after
{Heap after GC invocations=26 (full 2):
 PSYoungGen      total 17408K, used 502K [0x00000000eab00000, 0x00000000ecd80000, 0x0000000100000000)
  eden space 16896K, 0% used [0x00000000eab00000,0x00000000eab00000,0x00000000ebb80000)
  from space 512K, 98% used [0x00000000ec200000,0x00000000ec27da48,0x00000000ec280000)
  to   space 6656K, 0% used [0x00000000ebb80000,0x00000000ebb80000,0x00000000ec200000)
 ParOldGen       total 68608K, used 38032K [0x00000000c0000000, 0x00000000c4300000, 0x00000000eab00000)
  object space 68608K, 55% used [0x00000000c0000000,0x00000000c2524128,0x00000000c4300000)
 Metaspace       used 41438K, committed 42368K, reserved 1114112K
  class space    used 4027K, committed 4416K, reserved 1048576K
}
Event: 11.662 GC heap before
{Heap before GC invocations=27 (full 2):
 PSYoungGen      total 17408K, used 17398K [0x00000000eab00000, 0x00000000ecd80000, 0x0000000100000000)
  eden space 16896K, 100% used [0x00000000eab00000,0x00000000ebb80000,0x00000000ebb80000)
  from space 512K, 98% used [0x00000000ec200000,0x00000000ec27da48,0x00000000ec280000)
  to   space 6656K, 0% used [0x00000000ebb80000,0x00000000ebb80000,0x00000000ec200000)
 ParOldGen       total 68608K, used 38032K [0x00000000c0000000, 0x00000000c4300000, 0x00000000eab00000)
  object space 68608K, 55% used [0x00000000c0000000,0x00000000c2524128,0x00000000c4300000)
 Metaspace       used 42721K, committed 43712K, reserved 1114112K
  class space    used 4124K, committed 4544K, reserved 1048576K
}
Event: 11.666 GC heap after
{Heap after GC invocations=27 (full 2):
 PSYoungGen      total 20480K, used 3177K [0x00000000eab00000, 0x00000000ec380000, 0x0000000100000000)
  eden space 16896K, 0% used [0x00000000eab00000,0x00000000eab00000,0x00000000ebb80000)
  from space 3584K, 88% used [0x00000000ebb80000,0x00000000ebe9a5b8,0x00000000ebf00000)
  to   space 4096K, 0% used [0x00000000ebf80000,0x00000000ebf80000,0x00000000ec380000)
 ParOldGen       total 68608K, used 38655K [0x00000000c0000000, 0x00000000c4300000, 0x00000000eab00000)
  object space 68608K, 56% used [0x00000000c0000000,0x00000000c25bfcc0,0x00000000c4300000)
 Metaspace       used 42721K, committed 43712K, reserved 1114112K
  class space    used 4124K, committed 4544K, reserved 1048576K
}
Event: 12.578 GC heap before
{Heap before GC invocations=28 (full 2):
 PSYoungGen      total 20480K, used 20073K [0x00000000eab00000, 0x00000000ec380000, 0x0000000100000000)
  eden space 16896K, 100% used [0x00000000eab00000,0x00000000ebb80000,0x00000000ebb80000)
  from space 3584K, 88% used [0x00000000ebb80000,0x00000000ebe9a5b8,0x00000000ebf00000)
  to   space 4096K, 0% used [0x00000000ebf80000,0x00000000ebf80000,0x00000000ec380000)
 ParOldGen       total 68608K, used 38655K [0x00000000c0000000, 0x00000000c4300000, 0x00000000eab00000)
  object space 68608K, 56% used [0x00000000c0000000,0x00000000c25bfcc0,0x00000000c4300000)
 Metaspace       used 43316K, committed 44352K, reserved 1114112K
  class space    used 4165K, committed 4608K, reserved 1048576K
}
Event: 12.580 GC heap after
{Heap after GC invocations=28 (full 2):
 PSYoungGen      total 18944K, used 1683K [0x00000000eab00000, 0x00000000ec180000, 0x0000000100000000)
  eden space 16896K, 0% used [0x00000000eab00000,0x00000000eab00000,0x00000000ebb80000)
  from space 2048K, 82% used [0x00000000ebf80000,0x00000000ec124df0,0x00000000ec180000)
  to   space 2560K, 0% used [0x00000000ebc80000,0x00000000ebc80000,0x00000000ebf00000)
 ParOldGen       total 68608K, used 40025K [0x00000000c0000000, 0x00000000c4300000, 0x00000000eab00000)
  object space 68608K, 58% used [0x00000000c0000000,0x00000000c27164b0,0x00000000c4300000)
 Metaspace       used 43316K, committed 44352K, reserved 1114112K
  class space    used 4165K, committed 4608K, reserved 1048576K
}

Dll operation events (10 events):
Event: 0.013 Loaded shared library c:\Users\carlo\.vscode\extensions\redhat.java-1.41.1-win32-x64\jre\21.0.6-win32-x86_64\bin\java.dll
Event: 0.095 Loaded shared library c:\Users\carlo\.vscode\extensions\redhat.java-1.41.1-win32-x64\jre\21.0.6-win32-x86_64\bin\zip.dll
Event: 0.119 Loaded shared library C:\Users\carlo\.vscode\extensions\redhat.java-1.41.1-win32-x64\jre\21.0.6-win32-x86_64\bin\instrument.dll
Event: 0.124 Loaded shared library C:\Users\carlo\.vscode\extensions\redhat.java-1.41.1-win32-x64\jre\21.0.6-win32-x86_64\bin\net.dll
Event: 0.127 Loaded shared library C:\Users\carlo\.vscode\extensions\redhat.java-1.41.1-win32-x64\jre\21.0.6-win32-x86_64\bin\nio.dll
Event: 0.131 Loaded shared library C:\Users\carlo\.vscode\extensions\redhat.java-1.41.1-win32-x64\jre\21.0.6-win32-x86_64\bin\zip.dll
Event: 0.153 Loaded shared library C:\Users\carlo\.vscode\extensions\redhat.java-1.41.1-win32-x64\jre\21.0.6-win32-x86_64\bin\jimage.dll
Event: 0.264 Loaded shared library c:\Users\carlo\.vscode\extensions\redhat.java-1.41.1-win32-x64\jre\21.0.6-win32-x86_64\bin\verify.dll
Event: 1.451 Loaded shared library C:\Users\carlo\AppData\Roaming\Code\User\globalStorage\redhat.java\1.41.1\config_ss_win\org.eclipse.equinox.launcher\org.eclipse.equinox.launcher.win32.win32.x86_64_1.2.1300.v20250331-1702\eclipse_11911.dll
Event: 2.300 Loaded shared library C:\Users\carlo\AppData\Local\Temp\jna-94431319\jna10337730584196806553.dll

Deoptimization events (20 events):
Event: 12.594 Thread 0x0000019beb190240 Uncommon trap: trap_request=0xffffff45 fr.pc=0x0000019b986c363c relative=0x000000000000505c
Event: 12.594 Thread 0x0000019beb190240 Uncommon trap: reason=unstable_if action=reinterpret pc=0x0000019b986c363c method=org.eclipse.jdt.internal.compiler.lookup.BinaryTypeBinding.createMethod(Lorg/eclipse/jdt/internal/compiler/env/IBinaryMethod;Lorg/eclipse/jdt/internal/compiler/env/IBinaryTy
Event: 12.594 Thread 0x0000019beb190240 DEOPT PACKING pc=0x0000019b986c363c sp=0x00000034a34fdfe0
Event: 12.594 Thread 0x0000019beb190240 DEOPT UNPACKING pc=0x0000019b97d33aa2 sp=0x00000034a34fdf90 mode 2
Event: 12.617 Thread 0x0000019beb190240 DEOPT PACKING pc=0x0000019b916d6373 sp=0x00000034a34fdc50
Event: 12.617 Thread 0x0000019beb190240 DEOPT UNPACKING pc=0x0000019b97d34242 sp=0x00000034a34fd318 mode 0
Event: 12.661 Thread 0x0000019beb190240 DEOPT PACKING pc=0x0000019b915677ae sp=0x00000034a34fe190
Event: 12.661 Thread 0x0000019beb190240 DEOPT UNPACKING pc=0x0000019b97d34242 sp=0x00000034a34fd630 mode 0
Event: 23.278 Thread 0x0000019be9d21fb0 Uncommon trap: trap_request=0xffffffde fr.pc=0x0000019b9846b0f4 relative=0x0000000000000674
Event: 23.278 Thread 0x0000019be9d21fb0 Uncommon trap: reason=class_check action=maybe_recompile pc=0x0000019b9846b0f4 method=java.util.Spliterators$1Adapter.hasNext()Z @ 12 c2
Event: 23.278 Thread 0x0000019be9d21fb0 DEOPT PACKING pc=0x0000019b9846b0f4 sp=0x00000034a17fe870
Event: 23.278 Thread 0x0000019be9d21fb0 DEOPT UNPACKING pc=0x0000019b97d33aa2 sp=0x00000034a17fe828 mode 2
Event: 23.278 Thread 0x0000019be9d21fb0 Uncommon trap: trap_request=0xffffffde fr.pc=0x0000019b9846b0f4 relative=0x0000000000000674
Event: 23.278 Thread 0x0000019be9d21fb0 Uncommon trap: reason=class_check action=maybe_recompile pc=0x0000019b9846b0f4 method=java.util.Spliterators$1Adapter.hasNext()Z @ 12 c2
Event: 23.278 Thread 0x0000019be9d21fb0 DEOPT PACKING pc=0x0000019b9846b0f4 sp=0x00000034a17fe880
Event: 23.278 Thread 0x0000019be9d21fb0 DEOPT UNPACKING pc=0x0000019b97d33aa2 sp=0x00000034a17fe838 mode 2
Event: 23.278 Thread 0x0000019be9d21fb0 Uncommon trap: trap_request=0xffffffde fr.pc=0x0000019b9846b0f4 relative=0x0000000000000674
Event: 23.278 Thread 0x0000019be9d21fb0 Uncommon trap: reason=class_check action=maybe_recompile pc=0x0000019b9846b0f4 method=java.util.Spliterators$1Adapter.hasNext()Z @ 12 c2
Event: 23.278 Thread 0x0000019be9d21fb0 DEOPT PACKING pc=0x0000019b9846b0f4 sp=0x00000034a17fe880
Event: 23.278 Thread 0x0000019be9d21fb0 DEOPT UNPACKING pc=0x0000019b97d33aa2 sp=0x00000034a17fe838 mode 2

Classes loaded (20 events):
Event: 11.720 Loading class java/util/stream/MatchOps$MatchKind
Event: 11.720 Loading class java/util/stream/MatchOps$MatchKind done
Event: 11.720 Loading class java/util/stream/MatchOps
Event: 11.720 Loading class java/util/stream/MatchOps done
Event: 11.720 Loading class java/util/stream/MatchOps$MatchOp
Event: 11.720 Loading class java/util/stream/MatchOps$MatchOp done
Event: 11.720 Loading class java/util/stream/MatchOps$BooleanTerminalSink
Event: 11.721 Loading class java/util/stream/MatchOps$BooleanTerminalSink done
Event: 11.721 Loading class java/util/stream/MatchOps$1MatchSink
Event: 11.721 Loading class java/util/stream/MatchOps$1MatchSink done
Event: 11.745 Loading class java/util/concurrent/ArrayBlockingQueue
Event: 11.745 Loading class java/util/concurrent/ArrayBlockingQueue done
Event: 23.285 Loading class java/util/concurrent/ConcurrentHashMap$EntrySpliterator
Event: 23.286 Loading class java/util/concurrent/ConcurrentHashMap$EntrySpliterator done
Event: 23.295 Loading class java/util/concurrent/ForkJoinTask$AdaptedCallable
Event: 23.295 Loading class java/util/concurrent/ForkJoinTask$AdaptedCallable done
Event: 23.298 Loading class java/lang/Throwable$WrappedPrintWriter
Event: 23.298 Loading class java/lang/Throwable$PrintStreamOrWriter
Event: 23.298 Loading class java/lang/Throwable$PrintStreamOrWriter done
Event: 23.298 Loading class java/lang/Throwable$WrappedPrintWriter done

Classes unloaded (20 events):
Event: 6.856 Thread 0x0000019b8d65ebe0 Unloading class 0x0000019ba3352c00 'java/lang/invoke/LambdaForm$DMH+0x0000019ba3352c00'
Event: 6.856 Thread 0x0000019b8d65ebe0 Unloading class 0x0000019ba3352400 'java/lang/invoke/LambdaForm$MH+0x0000019ba3352400'
Event: 6.856 Thread 0x0000019b8d65ebe0 Unloading class 0x0000019ba3351c00 'java/lang/invoke/LambdaForm$MH+0x0000019ba3351c00'
Event: 6.856 Thread 0x0000019b8d65ebe0 Unloading class 0x0000019ba3351400 'java/lang/invoke/LambdaForm$MH+0x0000019ba3351400'
Event: 6.856 Thread 0x0000019b8d65ebe0 Unloading class 0x0000019ba3351000 'java/lang/invoke/LambdaForm$DMH+0x0000019ba3351000'
Event: 6.856 Thread 0x0000019b8d65ebe0 Unloading class 0x0000019ba3350800 'java/lang/invoke/LambdaForm$MH+0x0000019ba3350800'
Event: 6.856 Thread 0x0000019b8d65ebe0 Unloading class 0x0000019ba3350000 'java/lang/invoke/LambdaForm$MH+0x0000019ba3350000'
Event: 6.856 Thread 0x0000019b8d65ebe0 Unloading class 0x0000019ba334cc00 'java/lang/invoke/LambdaForm$MH+0x0000019ba334cc00'
Event: 6.856 Thread 0x0000019b8d65ebe0 Unloading class 0x0000019ba334c800 'java/lang/invoke/LambdaForm$MH+0x0000019ba334c800'
Event: 6.856 Thread 0x0000019b8d65ebe0 Unloading class 0x0000019ba334bc00 'java/lang/invoke/LambdaForm$MH+0x0000019ba334bc00'
Event: 6.856 Thread 0x0000019b8d65ebe0 Unloading class 0x0000019ba334b800 'java/lang/invoke/LambdaForm$MH+0x0000019ba334b800'
Event: 6.856 Thread 0x0000019b8d65ebe0 Unloading class 0x0000019ba334ac00 'java/lang/invoke/LambdaForm$MH+0x0000019ba334ac00'
Event: 6.856 Thread 0x0000019b8d65ebe0 Unloading class 0x0000019ba334b000 'java/lang/invoke/LambdaForm$MH+0x0000019ba334b000'
Event: 6.856 Thread 0x0000019b8d65ebe0 Unloading class 0x0000019ba334a400 'java/lang/invoke/LambdaForm$MH+0x0000019ba334a400'
Event: 6.856 Thread 0x0000019b8d65ebe0 Unloading class 0x0000019ba3349c00 'java/lang/invoke/LambdaForm$MH+0x0000019ba3349c00'
Event: 6.856 Thread 0x0000019b8d65ebe0 Unloading class 0x0000019ba3349400 'java/lang/invoke/LambdaForm$MH+0x0000019ba3349400'
Event: 6.856 Thread 0x0000019b8d65ebe0 Unloading class 0x0000019ba3349000 'java/lang/invoke/LambdaForm$MH+0x0000019ba3349000'
Event: 6.856 Thread 0x0000019b8d65ebe0 Unloading class 0x0000019ba3348800 'java/lang/invoke/LambdaForm$MH+0x0000019ba3348800'
Event: 6.856 Thread 0x0000019b8d65ebe0 Unloading class 0x0000019ba3348400 'java/lang/invoke/LambdaForm$MH+0x0000019ba3348400'
Event: 6.856 Thread 0x0000019b8d65ebe0 Unloading class 0x0000019ba3341c00 'java/lang/invoke/LambdaForm$DMH+0x0000019ba3341c00'

Classes redefined (0 events):
No events

Internal exceptions (20 events):
Event: 8.294 Thread 0x0000019beb767040 Exception <a 'java/lang/IncompatibleClassChangeError'{0x00000000eb71baa8}: Found class java.lang.Object, but interface was expected> (0x00000000eb71baa8) 
thrown [s\src\hotspot\share\interpreter\linkResolver.cpp, line 840]
Event: 8.685 Thread 0x0000019be9d40c00 Exception <a 'java/lang/NoSuchMethodError'{0x00000000eae2be18}: 'java.lang.Object java.lang.invoke.DirectMethodHandle$Holder.invokeSpecial(java.lang.Object, java.lang.Object, int, long)'> (0x00000000eae2be18) 
thrown [s\src\hotspot\share\interpreter\linkResolver.cpp, line 773]
Event: 8.708 Thread 0x0000019beb764250 Exception <a 'java/lang/ArrayIndexOutOfBoundsException'{0x00000000eb0407d0}> (0x00000000eb0407d0) 
thrown [s\src\hotspot\share\runtime\sharedRuntime.cpp, line 625]
Event: 9.456 Thread 0x0000019be9d40c00 Exception <a 'java/lang/NoSuchMethodError'{0x00000000ebfa81d8}: 'int java.lang.invoke.DirectMethodHandle$Holder.invokeSpecialIFC(java.lang.Object, java.lang.Object, java.lang.Object)'> (0x00000000ebfa81d8) 
thrown [s\src\hotspot\share\interpreter\linkResolver.cpp, line 773]
Event: 9.484 Thread 0x0000019be9d40c00 Exception <a 'java/io/FileNotFoundException'{0x00000000ec0246f0}> (0x00000000ec0246f0) 
thrown [s\src\hotspot\share\prims\jni.cpp, line 520]
Event: 9.484 Thread 0x0000019be9d40c00 Exception <a 'java/io/FileNotFoundException'{0x00000000ec025968}> (0x00000000ec025968) 
thrown [s\src\hotspot\share\prims\jni.cpp, line 520]
Event: 9.493 Thread 0x0000019be9d40c00 Implicit null exception at 0x0000019b985797f4 to 0x0000019b9857b2d0
Event: 10.933 Thread 0x0000019be9d40c00 Implicit null exception at 0x0000019b985dc626 to 0x0000019b985dce83
Event: 11.054 Thread 0x0000019be9d40c00 Exception <a 'sun/nio/fs/WindowsException'{0x00000000eae2c280}> (0x00000000eae2c280) 
thrown [s\src\hotspot\share\prims\jni.cpp, line 520]
Event: 11.143 Thread 0x0000019be9d40c00 Implicit null exception at 0x0000019b982c9a23 to 0x0000019b982c9d8c
Event: 11.373 Thread 0x0000019be9d40c00 Exception <a 'java/io/FileNotFoundException'{0x00000000eb2d1838}> (0x00000000eb2d1838) 
thrown [s\src\hotspot\share\prims\jni.cpp, line 520]
Event: 11.373 Thread 0x0000019be9d40c00 Exception <a 'java/io/FileNotFoundException'{0x00000000eb2d2870}> (0x00000000eb2d2870) 
thrown [s\src\hotspot\share\prims\jni.cpp, line 520]
Event: 11.373 Thread 0x0000019be9d40c00 Exception <a 'java/io/FileNotFoundException'{0x00000000eb2d3620}> (0x00000000eb2d3620) 
thrown [s\src\hotspot\share\prims\jni.cpp, line 520]
Event: 11.414 Thread 0x0000019be9d21fb0 Exception <a 'java/io/FileNotFoundException'{0x00000000eb43f290}> (0x00000000eb43f290) 
thrown [s\src\hotspot\share\prims\jni.cpp, line 520]
Event: 11.414 Thread 0x0000019be9d21fb0 Exception <a 'java/io/FileNotFoundException'{0x00000000eb4402c0}> (0x00000000eb4402c0) 
thrown [s\src\hotspot\share\prims\jni.cpp, line 520]
Event: 11.415 Thread 0x0000019be9d21fb0 Exception <a 'java/io/FileNotFoundException'{0x00000000eb441060}> (0x00000000eb441060) 
thrown [s\src\hotspot\share\prims\jni.cpp, line 520]
Event: 11.418 Thread 0x0000019be9d40c00 Implicit null exception at 0x0000019b98639446 to 0x0000019b986394c0
Event: 11.719 Thread 0x0000019be9d40c00 Exception <a 'java/lang/NoSuchMethodError'{0x00000000eac2f838}: 'int java.lang.invoke.Invokers$Holder.invokeExact_MT(java.lang.Object, java.lang.Object)'> (0x00000000eac2f838) 
thrown [s\src\hotspot\share\interpreter\linkResolver.cpp, line 773]
Event: 11.947 Thread 0x0000019beb190240 Implicit null exception at 0x0000019b9859e8c9 to 0x0000019b9859ea20
Event: 23.296 Thread 0x0000019be9d21fb0 Exception <a 'java/lang/OutOfMemoryError'{0x00000000eb07e070}: unable to create native thread: possibly out of memory or process/resource limits reached> (0x00000000eb07e070) 
thrown [s\src\hotspot\share\prims\jvm.cpp, line 3013]

ZGC Phase Switch (0 events):
No events

VM Operations (20 events):
Event: 11.380 Executing VM operation: HandshakeAllThreads (Deoptimize)
Event: 11.387 Executing VM operation: HandshakeAllThreads (Deoptimize) done
Event: 11.389 Executing VM operation: HandshakeAllThreads (Deoptimize)
Event: 11.389 Executing VM operation: HandshakeAllThreads (Deoptimize) done
Event: 11.535 Executing VM operation: ICBufferFull
Event: 11.536 Executing VM operation: ICBufferFull done
Event: 11.550 Executing VM operation: HandshakeAllThreads (Deoptimize)
Event: 11.573 Executing VM operation: HandshakeAllThreads (Deoptimize) done
Event: 11.577 Executing VM operation: HandshakeAllThreads (Deoptimize)
Event: 11.577 Executing VM operation: HandshakeAllThreads (Deoptimize) done
Event: 11.662 Executing VM operation: ParallelGCFailedAllocation (Allocation Failure)
Event: 11.666 Executing VM operation: ParallelGCFailedAllocation (Allocation Failure) done
Event: 11.677 Executing VM operation: HandshakeAllThreads (Deoptimize)
Event: 11.699 Executing VM operation: HandshakeAllThreads (Deoptimize) done
Event: 11.907 Executing VM operation: ICBufferFull
Event: 11.908 Executing VM operation: ICBufferFull done
Event: 12.578 Executing VM operation: ParallelGCFailedAllocation (Allocation Failure)
Event: 12.581 Executing VM operation: ParallelGCFailedAllocation (Allocation Failure) done
Event: 13.581 Executing VM operation: Cleanup
Event: 13.581 Executing VM operation: Cleanup done

Memory protections (0 events):
No events

Nmethod flushes (20 events):
Event: 6.870 Thread 0x0000019b8d65ebe0 flushing  nmethod 0x0000019b90c17110
Event: 6.870 Thread 0x0000019b8d65ebe0 flushing  nmethod 0x0000019b90c45610
Event: 6.870 Thread 0x0000019b8d65ebe0 flushing  nmethod 0x0000019b90c47790
Event: 6.870 Thread 0x0000019b8d65ebe0 flushing  nmethod 0x0000019b90c48390
Event: 6.870 Thread 0x0000019b8d65ebe0 flushing  nmethod 0x0000019b90c48710
Event: 6.870 Thread 0x0000019b8d65ebe0 flushing  nmethod 0x0000019b90c80590
Event: 6.870 Thread 0x0000019b8d65ebe0 flushing  nmethod 0x0000019b90c81290
Event: 6.870 Thread 0x0000019b8d65ebe0 flushing  nmethod 0x0000019b90c81790
Event: 6.870 Thread 0x0000019b8d65ebe0 flushing  nmethod 0x0000019b90c81b90
Event: 6.870 Thread 0x0000019b8d65ebe0 flushing  nmethod 0x0000019b90c85e90
Event: 6.870 Thread 0x0000019b8d65ebe0 flushing  nmethod 0x0000019b90c88690
Event: 6.870 Thread 0x0000019b8d65ebe0 flushing  nmethod 0x0000019b90c8f710
Event: 6.870 Thread 0x0000019b8d65ebe0 flushing  nmethod 0x0000019b90c90a10
Event: 6.870 Thread 0x0000019b8d65ebe0 flushing  nmethod 0x0000019b90c91810
Event: 6.870 Thread 0x0000019b8d65ebe0 flushing  nmethod 0x0000019b90c99910
Event: 6.870 Thread 0x0000019b8d65ebe0 flushing  nmethod 0x0000019b90c9f990
Event: 6.870 Thread 0x0000019b8d65ebe0 flushing  nmethod 0x0000019b90ca6d90
Event: 6.870 Thread 0x0000019b8d65ebe0 flushing  nmethod 0x0000019b90ca8990
Event: 6.870 Thread 0x0000019b8d65ebe0 flushing  nmethod 0x0000019b90ca9290
Event: 6.870 Thread 0x0000019b8d65ebe0 flushing  nmethod 0x0000019b90cb7990

Events (20 events):
Event: 7.421 Thread 0x0000019be97f6220 Thread exited: 0x0000019be97f6220
Event: 7.540 Thread 0x0000019be3f27b40 Thread added: 0x0000019be3f26da0
Event: 7.602 Thread 0x0000019be3f26da0 Thread added: 0x0000019be3f266d0
Event: 8.296 Thread 0x0000019beb767040 Thread added: 0x0000019beb7683f0
Event: 8.677 Thread 0x0000019be3f266d0 Thread exited: 0x0000019be3f266d0
Event: 8.682 Thread 0x0000019be3f26da0 Thread exited: 0x0000019be3f26da0
Event: 8.719 Thread 0x0000019be3f27b40 Thread added: 0x0000019be3f266d0
Event: 8.720 Thread 0x0000019be3f27b40 Thread added: 0x0000019be3f26da0
Event: 9.301 Thread 0x0000019be3f26da0 Thread exited: 0x0000019be3f26da0
Event: 9.383 Thread 0x0000019be3f27b40 Thread added: 0x0000019be3f26da0
Event: 9.697 Thread 0x0000019be3f26da0 Thread exited: 0x0000019be3f26da0
Event: 9.699 Thread 0x0000019be3f266d0 Thread exited: 0x0000019be3f266d0
Event: 9.993 Thread 0x0000019be3f27b40 Thread added: 0x0000019be3f288e0
Event: 10.012 Thread 0x0000019be3f27b40 Thread added: 0x0000019be3f29680
Event: 11.422 Thread 0x0000019be9d21fb0 Thread added: 0x0000019beb7697a0
Event: 11.705 Thread 0x0000019beb7697a0 Thread added: 0x0000019beb76a4c0
Event: 11.746 Thread 0x0000019beb7697a0 Thread added: 0x0000019beb190240
Event: 12.548 Thread 0x0000019beb7697a0 Thread added: 0x0000019beb18e170
Event: 17.714 Thread 0x0000019be3f29680 Thread exited: 0x0000019be3f29680
Event: 22.714 Thread 0x0000019be3f288e0 Thread exited: 0x0000019be3f288e0


Dynamic libraries:
0x00007ff70fb50000 - 0x00007ff70fb5e000 	c:\Users\carlo\.vscode\extensions\redhat.java-1.41.1-win32-x64\jre\21.0.6-win32-x86_64\bin\java.exe
0x00007ffd58500000 - 0x00007ffd58766000 	C:\WINDOWS\SYSTEM32\ntdll.dll
0x00007ffd57700000 - 0x00007ffd577c9000 	C:\WINDOWS\System32\KERNEL32.DLL
0x00007ffd55c50000 - 0x00007ffd5601c000 	C:\WINDOWS\System32\KERNELBASE.dll
0x00007ffd55980000 - 0x00007ffd55acb000 	C:\WINDOWS\System32\ucrtbase.dll
0x00007ffd09040000 - 0x00007ffd09058000 	c:\Users\carlo\.vscode\extensions\redhat.java-1.41.1-win32-x64\jre\21.0.6-win32-x86_64\bin\jli.dll
0x00007ffd016a0000 - 0x00007ffd016be000 	c:\Users\carlo\.vscode\extensions\redhat.java-1.41.1-win32-x64\jre\21.0.6-win32-x86_64\bin\VCRUNTIME140.dll
0x00007ffd57be0000 - 0x00007ffd57daa000 	C:\WINDOWS\System32\USER32.dll
0x00007ffd55690000 - 0x00007ffd556b7000 	C:\WINDOWS\System32\win32u.dll
0x00007ffd40420000 - 0x00007ffd406ba000 	C:\WINDOWS\WinSxS\amd64_microsoft.windows.common-controls_6595b64144ccf1df_6.0.26100.3912_none_3e07963ce335137e\COMCTL32.dll
0x00007ffd57db0000 - 0x00007ffd57ddb000 	C:\WINDOWS\System32\GDI32.dll
0x00007ffd57f60000 - 0x00007ffd58009000 	C:\WINDOWS\System32\msvcrt.dll
0x00007ffd560e0000 - 0x00007ffd56212000 	C:\WINDOWS\System32\gdi32full.dll
0x00007ffd558d0000 - 0x00007ffd55973000 	C:\WINDOWS\System32\msvcp_win.dll
0x00007ffd57ba0000 - 0x00007ffd57bd0000 	C:\WINDOWS\System32\IMM32.DLL
0x00007ffd28140000 - 0x00007ffd2814c000 	c:\Users\carlo\.vscode\extensions\redhat.java-1.41.1-win32-x64\jre\21.0.6-win32-x86_64\bin\vcruntime140_1.dll
0x00007ffced5c0000 - 0x00007ffced64d000 	c:\Users\carlo\.vscode\extensions\redhat.java-1.41.1-win32-x64\jre\21.0.6-win32-x86_64\bin\msvcp140.dll
0x00007ffcbb8c0000 - 0x00007ffcbc650000 	c:\Users\carlo\.vscode\extensions\redhat.java-1.41.1-win32-x64\jre\21.0.6-win32-x86_64\bin\server\jvm.dll
0x00007ffd564b0000 - 0x00007ffd56562000 	C:\WINDOWS\System32\ADVAPI32.dll
0x00007ffd57af0000 - 0x00007ffd57b96000 	C:\WINDOWS\System32\sechost.dll
0x00007ffd583a0000 - 0x00007ffd584b6000 	C:\WINDOWS\System32\RPCRT4.dll
0x00007ffd57ed0000 - 0x00007ffd57f44000 	C:\WINDOWS\System32\WS2_32.dll
0x00007ffd55260000 - 0x00007ffd552be000 	C:\WINDOWS\SYSTEM32\POWRPROF.dll
0x00007ffd53260000 - 0x00007ffd53296000 	C:\WINDOWS\SYSTEM32\WINMM.dll
0x00007ffd4e760000 - 0x00007ffd4e76b000 	C:\WINDOWS\SYSTEM32\VERSION.dll
0x00007ffd55240000 - 0x00007ffd55254000 	C:\WINDOWS\SYSTEM32\UMPDC.dll
0x00007ffd54370000 - 0x00007ffd5438a000 	C:\WINDOWS\SYSTEM32\kernel.appcore.dll
0x00007ffd20840000 - 0x00007ffd2084a000 	c:\Users\carlo\.vscode\extensions\redhat.java-1.41.1-win32-x64\jre\21.0.6-win32-x86_64\bin\jimage.dll
0x00007ffd52a30000 - 0x00007ffd52c71000 	C:\WINDOWS\SYSTEM32\DBGHELP.DLL
0x00007ffd58010000 - 0x00007ffd58394000 	C:\WINDOWS\System32\combase.dll
0x00007ffd57de0000 - 0x00007ffd57ec0000 	C:\WINDOWS\System32\OLEAUT32.dll
0x00007ffd3af00000 - 0x00007ffd3af39000 	C:\WINDOWS\SYSTEM32\dbgcore.DLL
0x00007ffd56220000 - 0x00007ffd562b9000 	C:\WINDOWS\System32\bcryptPrimitives.dll
0x00007ffd1f4b0000 - 0x00007ffd1f4bf000 	c:\Users\carlo\.vscode\extensions\redhat.java-1.41.1-win32-x64\jre\21.0.6-win32-x86_64\bin\instrument.dll
0x00007ffcf94c0000 - 0x00007ffcf94df000 	c:\Users\carlo\.vscode\extensions\redhat.java-1.41.1-win32-x64\jre\21.0.6-win32-x86_64\bin\java.dll
0x00007ffd56ed0000 - 0x00007ffd575fd000 	C:\WINDOWS\System32\SHELL32.dll
0x00007ffd55ad0000 - 0x00007ffd55c44000 	C:\WINDOWS\System32\wintypes.dll
0x00007ffd532e0000 - 0x00007ffd53b36000 	C:\WINDOWS\SYSTEM32\windows.storage.dll
0x00007ffd57600000 - 0x00007ffd576ef000 	C:\WINDOWS\System32\SHCORE.dll
0x00007ffd569d0000 - 0x00007ffd56a39000 	C:\WINDOWS\System32\shlwapi.dll
0x00007ffd555a0000 - 0x00007ffd555cf000 	C:\WINDOWS\SYSTEM32\profapi.dll
0x00007ffce72d0000 - 0x00007ffce72e8000 	c:\Users\carlo\.vscode\extensions\redhat.java-1.41.1-win32-x64\jre\21.0.6-win32-x86_64\bin\zip.dll
0x00007ffd1ea60000 - 0x00007ffd1ea70000 	C:\Users\carlo\.vscode\extensions\redhat.java-1.41.1-win32-x64\jre\21.0.6-win32-x86_64\bin\net.dll
0x00007ffd4c950000 - 0x00007ffd4ca6e000 	C:\WINDOWS\SYSTEM32\WINHTTP.dll
0x00007ffd54960000 - 0x00007ffd549ca000 	C:\WINDOWS\system32\mswsock.dll
0x00007ffce7290000 - 0x00007ffce72a6000 	C:\Users\carlo\.vscode\extensions\redhat.java-1.41.1-win32-x64\jre\21.0.6-win32-x86_64\bin\nio.dll
0x00007ffd1e580000 - 0x00007ffd1e590000 	c:\Users\carlo\.vscode\extensions\redhat.java-1.41.1-win32-x64\jre\21.0.6-win32-x86_64\bin\verify.dll
0x00007ffcf4fe0000 - 0x00007ffcf5025000 	C:\Users\carlo\AppData\Roaming\Code\User\globalStorage\redhat.java\1.41.1\config_ss_win\org.eclipse.equinox.launcher\org.eclipse.equinox.launcher.win32.win32.x86_64_1.2.1300.v20250331-1702\eclipse_11911.dll
0x00007ffd565d0000 - 0x00007ffd5676f000 	C:\WINDOWS\System32\ole32.dll
0x00007ffd54d20000 - 0x00007ffd54d3c000 	C:\WINDOWS\SYSTEM32\CRYPTSP.dll
0x00007ffd54390000 - 0x00007ffd543ca000 	C:\WINDOWS\system32\rsaenh.dll
0x00007ffd54a00000 - 0x00007ffd54a2b000 	C:\WINDOWS\SYSTEM32\USERENV.dll
0x00007ffd55570000 - 0x00007ffd55596000 	C:\WINDOWS\SYSTEM32\bcrypt.dll
0x00007ffd54b90000 - 0x00007ffd54b9c000 	C:\WINDOWS\SYSTEM32\CRYPTBASE.dll
0x00007ffd53e30000 - 0x00007ffd53e63000 	C:\WINDOWS\SYSTEM32\IPHLPAPI.DLL
0x00007ffd57f50000 - 0x00007ffd57f5a000 	C:\WINDOWS\System32\NSI.dll
0x00007ffcf4f90000 - 0x00007ffcf4fd9000 	C:\Users\carlo\AppData\Local\Temp\jna-94431319\jna10337730584196806553.dll
0x00007ffd56780000 - 0x00007ffd56788000 	C:\WINDOWS\System32\PSAPI.DLL
0x00007ffd4ce80000 - 0x00007ffd4ce9f000 	C:\WINDOWS\SYSTEM32\dhcpcsvc6.DLL
0x00007ffd4c1b0000 - 0x00007ffd4c1d5000 	C:\WINDOWS\SYSTEM32\dhcpcsvc.DLL

dbghelp: loaded successfully - version: 4.0.5 - missing functions: none
symbol engine: initialized successfully - sym options: 0x614 - pdb path: .;c:\Users\carlo\.vscode\extensions\redhat.java-1.41.1-win32-x64\jre\21.0.6-win32-x86_64\bin;C:\WINDOWS\SYSTEM32;C:\WINDOWS\WinSxS\amd64_microsoft.windows.common-controls_6595b64144ccf1df_6.0.26100.3912_none_3e07963ce335137e;c:\Users\carlo\.vscode\extensions\redhat.java-1.41.1-win32-x64\jre\21.0.6-win32-x86_64\bin\server;C:\Users\carlo\AppData\Roaming\Code\User\globalStorage\redhat.java\1.41.1\config_ss_win\org.eclipse.equinox.launcher\org.eclipse.equinox.launcher.win32.win32.x86_64_1.2.1300.v20250331-1702;C:\Users\carlo\AppData\Local\Temp\jna-94431319

VM Arguments:
jvm_args: --add-modules=ALL-SYSTEM --add-opens=java.base/java.util=ALL-UNNAMED --add-opens=java.base/java.lang=ALL-UNNAMED --add-opens=java.base/sun.nio.fs=ALL-UNNAMED -Declipse.application=org.eclipse.jdt.ls.core.id1 -Dosgi.bundles.defaultStartLevel=4 -Declipse.product=org.eclipse.jdt.ls.core.product -Djava.import.generatesMetadataFilesAtProjectRoot=false -DDetectVMInstallationsJob.disabled=true -Dfile.encoding=utf8 -XX:+UseParallelGC -XX:GCTimeRatio=4 -XX:AdaptiveSizePolicyWeight=90 -Dsun.zip.disableMemoryMapping=true -Xmx1G -Xms100m -Xlog:disable -javaagent:c:\Users\carlo\.vscode\extensions\redhat.java-1.41.1-win32-x64\lombok\lombok-1.18.36.jar 
java_command: c:\Users\carlo\.vscode\extensions\redhat.java-1.41.1-win32-x64\server\plugins\org.eclipse.equinox.launcher_1.7.0.v20250331-1702.jar -configuration c:\Users\carlo\AppData\Roaming\Code\User\globalStorage\redhat.java\1.41.1\config_ss_win -data c:\Users\carlo\AppData\Roaming\Code\User\workspaceStorage\d3e6e87d2bd02a0ff877685e21a13f91\redhat.java\ss_ws --pipe=\\.\pipe\lsp-80035537d5c1d48b0ace2388aa36f27b-sock
java_class_path (initial): c:\Users\carlo\.vscode\extensions\redhat.java-1.41.1-win32-x64\server\plugins\org.eclipse.equinox.launcher_1.7.0.v20250331-1702.jar
Launcher Type: SUN_STANDARD

[Global flags]
    uintx AdaptiveSizePolicyWeight                 = 90                                        {product} {command line}
     intx CICompilerCount                          = 4                                         {product} {ergonomic}
    uintx GCTimeRatio                              = 4                                         {product} {command line}
   size_t InitialHeapSize                          = 104857600                                 {product} {command line}
   size_t MaxHeapSize                              = 1073741824                                {product} {command line}
   size_t MaxNewSize                               = 357564416                                 {product} {ergonomic}
   size_t MinHeapDeltaBytes                        = 524288                                    {product} {ergonomic}
   size_t MinHeapSize                              = 104857600                                 {product} {command line}
   size_t NewSize                                  = 34603008                                  {product} {ergonomic}
    uintx NonNMethodCodeHeapSize                   = 5839372                                {pd product} {ergonomic}
    uintx NonProfiledCodeHeapSize                  = 122909434                              {pd product} {ergonomic}
   size_t OldSize                                  = 70254592                                  {product} {ergonomic}
    uintx ProfiledCodeHeapSize                     = 122909434                              {pd product} {ergonomic}
    uintx ReservedCodeCacheSize                    = 251658240                              {pd product} {ergonomic}
     bool SegmentedCodeCache                       = true                                      {product} {ergonomic}
   size_t SoftMaxHeapSize                          = 1073741824                             {manageable} {ergonomic}
     bool UseCompressedOops                        = true                           {product lp64_product} {ergonomic}
     bool UseLargePagesIndividualAllocation        = false                                  {pd product} {ergonomic}
     bool UseParallelGC                            = true                                      {product} {command line}

Logging:
Log output configuration:
 #0: stdout all=off uptime,level,tags foldmultilines=false
 #1: stderr all=off uptime,level,tags foldmultilines=false

Environment Variables:
JAVA_HOME=C:\Program Files\Java\jdk-22
PATH=D:\Pyton\Scripts\;D:\Pyton\;C:\Program Files (x86)\NVIDIA Corporation\PhysX\Common;C:\Program Files\Common Files\Oracle\Java\javapath;C:\Program Files (x86)\Common Files\Oracle\Java\java8path;C:\Program Files (x86)\Common Files\Oracle\Java\javapath;C:\WINDOWS\system32;C:\WINDOWS;C:\WINDOWS\System32\Wbem;C:\WINDOWS\System32\WindowsPowerShell\v1.0\;C:\WINDOWS\System32\OpenSSH\;C:\Program Files\Java\jdk-22\bin;C:\MinGW\bin;D:\ARCHIVOS DE PROGRAMA\MatLab\bin;D:\ARCHIVOS DE PROGRAMA\nodejs\;C:\msys64\ucrt64\bin;C:\Program Files\MongoDB\Server\8.0\bin;C:\Program Files\MongoDB\mongosh-2.4.0-win32-x64\bin;D:\ARCHIVOS DE PROGRAMA\Amazon\;C:\Program Files\Git\cmd;C:\Users\carlo\AppData\Local\Programs\oh-my-posh\bin\;C:\Users\carlo\AppData\Local\Microsoft\WindowsApps;C:\Users\carlo\AppData\Local\Programs\Microsoft VS Code\bin;C:\apache-maven-3.9.6\bin;D:\ARCHIVOS DE PROGRAMA\Postgres\17\bin;C:\Users\carlo\AppData\Roaming\npm;D:\ARCHIVOS DE PROGRAMA\MikText\miktex\bin\x64\;D:\ARCHIVOS DE PROGRAMA\cursor\resources\app\bin;C:\Users\carlo\AppData\Local\gitkraken\bin
USERNAME=carlo
OS=Windows_NT
PROCESSOR_IDENTIFIER=AMD64 Family 23 Model 96 Stepping 1, AuthenticAMD
TMP=C:\Users\carlo\AppData\Local\Temp
TEMP=C:\Users\carlo\AppData\Local\Temp




Periodic native trim disabled

---------------  S Y S T E M  ---------------

OS:
 Windows 11 , 64 bit Build 26100 (10.0.26100.3912)
OS uptime: 13 days 7:25 hours
Hyper-V role detected

CPU: total 12 (initial active 12) (12 cores per cpu, 2 threads per core) family 23 model 96 stepping 1 microcode 0x8600106, cx8, cmov, fxsr, ht, mmx, 3dnowpref, sse, sse2, sse3, ssse3, sse4a, sse4.1, sse4.2, popcnt, lzcnt, tsc, tscinvbit, avx, avx2, aes, clmul, bmi1, bmi2, adx, sha, fma, vzeroupper, clflush, clflushopt, hv, rdtscp, rdpid, f16c
Processor Information for the first 12 processors :
  Max Mhz: 3000, Current Mhz: 3000, Mhz Limit: 3000

Memory: 4k page, system-wide physical 15741M (2095M free)
TotalPageFile size 25720M (AvailPageFile size 0M)
current process WorkingSet (physical memory assigned to process): 205M, peak: 266M
current process commit charge ("private bytes"): 278M, peak: 342M

vm_info: OpenJDK 64-Bit Server VM (21.0.6+7-LTS) for windows-amd64 JRE (21.0.6+7-LTS), built on 2025-01-21T00:00:00Z by "admin" with MS VC++ 17.7 (VS2022)

END.
