#
# There is insufficient memory for the Java Runtime Environment to continue.
# Native memory allocation (malloc) failed to allocate 269120 bytes. Error detail: Chunk::new
# Possible reasons:
#   The system is out of physical RAM or swap space
#   This process is running with CompressedOops enabled, and the Java Heap may be blocking the growth of the native heap
# Possible solutions:
#   Reduce memory load on the system
#   Increase physical memory or swap space
#   Check if swap backing store is full
#   Decrease Java heap size (-Xmx/-Xms)
#   Decrease number of Java threads
#   Decrease Java thread stack sizes (-Xss)
#   Set larger code cache with -XX:ReservedCodeCacheSize=
#   JVM is running with Unscaled Compressed Oops mode in which the Java heap is
#     placed in the first 4GB address space. The Java Heap base address is the
#     maximum limit for the native heap growth. Please use -XX:HeapBaseMinAddress
#     to set the Java Heap base and to place the Java Heap above 4GB virtual address.
# This output file may be truncated or incomplete.
#
#  Out of Memory Error (arena.cpp:168), pid=11208, tid=15220
#
# JRE version: OpenJDK Runtime Environment Temurin-21.0.6+7 (21.0.6+7) (build 21.0.6+7-LTS)
# Java VM: OpenJDK 64-Bit Server VM Temurin-21.0.6+7 (21.0.6+7-LTS, mixed mode, sharing, tiered, compressed oops, compressed class ptrs, parallel gc, windows-amd64)
# No core dump will be written. Minidumps are not enabled by default on client versions of Windows
#

---------------  S U M M A R Y ------------

Command Line: --add-modules=ALL-SYSTEM --add-opens=java.base/java.util=ALL-UNNAMED --add-opens=java.base/java.lang=ALL-UNNAMED --add-opens=java.base/sun.nio.fs=ALL-UNNAMED -Declipse.application=org.eclipse.jdt.ls.core.id1 -Dosgi.bundles.defaultStartLevel=4 -Declipse.product=org.eclipse.jdt.ls.core.product -Djava.import.generatesMetadataFilesAtProjectRoot=false -DDetectVMInstallationsJob.disabled=true -Dfile.encoding=utf8 -XX:+UseParallelGC -XX:GCTimeRatio=4 -XX:AdaptiveSizePolicyWeight=90 -Dsun.zip.disableMemoryMapping=true -Xmx1G -Xms100m -Xlog:disable -javaagent:c:\Users\carlo\.vscode\extensions\redhat.java-1.41.1-win32-x64\lombok\lombok-1.18.36.jar -XX:+HeapDumpOnOutOfMemoryError -XX:HeapDumpPath=c:\Users\carlo\AppData\Roaming\Code\User\workspaceStorage\d3e6e87d2bd02a0ff877685e21a13f91\redhat.java -Daether.dependencyCollector.impl=bf c:\Users\carlo\.vscode\extensions\redhat.java-1.41.1-win32-x64\server\plugins\org.eclipse.equinox.launcher_1.7.0.v20250331-1702.jar -configuration c:\Users\carlo\AppData\Roaming\Code\User\globalStorage\redhat.java\1.41.1\config_win -data c:\Users\carlo\AppData\Roaming\Code\User\workspaceStorage\d3e6e87d2bd02a0ff877685e21a13f91\redhat.java\jdt_ws --pipe=\\.\pipe\lsp-d13cfdeb71ad374f88c8c0d9c32d3722-sock

Host: AMD Ryzen 5 4600H with Radeon Graphics         , 12 cores, 15G,  Windows 11 , 64 bit Build 26100 (10.0.26100.3912)
Time: Mon May 12 23:26:02 2025 Hora estándar central (México) elapsed time: 21.123953 seconds (0d 0h 0m 21s)

---------------  T H R E A D  ---------------

Current thread (0x00000195e3086130):  JavaThread "C2 CompilerThread2" daemon [_thread_in_native, id=15220, stack(0x0000005b44f00000,0x0000005b45000000) (1024K)]


Current CompileTask:
C2:21124 10844  s    4       java.util.Hashtable::putAll (52 bytes)

Stack: [0x0000005b44f00000,0x0000005b45000000]
Native frames: (J=compiled Java code, j=interpreted, Vv=VM code, C=native code)
V  [jvm.dll+0x6cdee9]
V  [jvm.dll+0x8a83d1]
V  [jvm.dll+0x8aa8fe]
V  [jvm.dll+0x8aafe3]
V  [jvm.dll+0x27f706]
V  [jvm.dll+0xc500d]
V  [jvm.dll+0xc5543]
V  [jvm.dll+0x3b678c]
V  [jvm.dll+0x382935]
V  [jvm.dll+0x381d9a]
V  [jvm.dll+0x2479f0]
V  [jvm.dll+0x246fcf]
V  [jvm.dll+0x1c75ee]
V  [jvm.dll+0x25685a]
V  [jvm.dll+0x254dfa]
V  [jvm.dll+0x3f0256]
V  [jvm.dll+0x851f8b]
V  [jvm.dll+0x6cc5ed]
C  [ucrtbase.dll+0x37b0]
C  [KERNEL32.DLL+0x2e8d7]
C  [ntdll.dll+0x9c5dc]


---------------  P R O C E S S  ---------------

Threads class SMR info:
_java_thread_list=0x00000195df5fc6a0, length=71, elements={
0x0000019581c15960, 0x0000019581cb1fa0, 0x0000019581cb3fe0, 0x0000019581cb68c0,
0x0000019581cb7510, 0x0000019581cba960, 0x0000019581cca150, 0x0000019581ccd9f0,
0x0000019581cce810, 0x00000195d8ecfc00, 0x00000195d8ece1c0, 0x00000195d8ece850,
0x00000195d8ed0fb0, 0x00000195d8eceee0, 0x00000195d8ed0290, 0x00000195d8ecf570,
0x00000195d8ed0920, 0x00000195dec95710, 0x00000195dec92290, 0x00000195dec93cd0,
0x00000195dec92920, 0x00000195dec92fb0, 0x00000195dec949f0, 0x00000195dec94360,
0x00000195dec93640, 0x00000195dec95080, 0x00000195e2105040, 0x00000195e2101bc0,
0x00000195e2103c90, 0x00000195e2102250, 0x00000195e2104320, 0x00000195e2102f70,
0x00000195e21028e0, 0x00000195e2103600, 0x00000195e21049b0, 0x00000195e24b3920,
0x00000195e24b3fb0, 0x00000195e24b0b30, 0x00000195e24b11c0, 0x00000195e24b1ee0,
0x00000195e24b2570, 0x00000195e24b4cd0, 0x00000195e24b1850, 0x00000195e24b59f0,
0x00000195e24b6080, 0x00000195e3085a60, 0x00000195e3086130, 0x00000195e24b7430,
0x00000195e24b8150, 0x00000195d8ecdb30, 0x00000195e1beaec0, 0x00000195e1bea1a0,
0x00000195e1be80d0, 0x00000195e1bebbe0, 0x00000195e1be9480, 0x00000195e1bea830,
0x00000195e1beb550, 0x00000195e1be8760, 0x00000195e1bec270, 0x00000195e1be8df0,
0x00000195e1bec900, 0x00000195e1be9b10, 0x00000195e1bedcb0, 0x00000195e1becf90,
0x00000195e1bed620, 0x00000195e1bee340, 0x00000195e1bee9d0, 0x00000195e1bef6f0,
0x00000195e1a35960, 0x00000195e1a33f20, 0x00000195e1a345b0
}

Java Threads: ( => current thread )
  0x0000019581c15960 JavaThread "main"                              [_thread_blocked, id=15576, stack(0x0000005b43500000,0x0000005b43600000) (1024K)]
  0x0000019581cb1fa0 JavaThread "Reference Handler"          daemon [_thread_blocked, id=11712, stack(0x0000005b43900000,0x0000005b43a00000) (1024K)]
  0x0000019581cb3fe0 JavaThread "Finalizer"                  daemon [_thread_blocked, id=7264, stack(0x0000005b43a00000,0x0000005b43b00000) (1024K)]
  0x0000019581cb68c0 JavaThread "Signal Dispatcher"          daemon [_thread_blocked, id=17600, stack(0x0000005b43b00000,0x0000005b43c00000) (1024K)]
  0x0000019581cb7510 JavaThread "Attach Listener"            daemon [_thread_blocked, id=3868, stack(0x0000005b43c00000,0x0000005b43d00000) (1024K)]
  0x0000019581cba960 JavaThread "Service Thread"             daemon [_thread_blocked, id=4204, stack(0x0000005b43d00000,0x0000005b43e00000) (1024K)]
  0x0000019581cca150 JavaThread "Monitor Deflation Thread"   daemon [_thread_blocked, id=8316, stack(0x0000005b43e00000,0x0000005b43f00000) (1024K)]
  0x0000019581ccd9f0 JavaThread "C2 CompilerThread0"         daemon [_thread_in_native, id=18056, stack(0x0000005b43f00000,0x0000005b44000000) (1024K)]
  0x0000019581cce810 JavaThread "C1 CompilerThread0"         daemon [_thread_in_native, id=13572, stack(0x0000005b44000000,0x0000005b44100000) (1024K)]
  0x00000195d8ecfc00 JavaThread "Common-Cleaner"             daemon [_thread_blocked, id=8988, stack(0x0000005b44100000,0x0000005b44200000) (1024K)]
  0x00000195d8ece1c0 JavaThread "Notification Thread"        daemon [_thread_blocked, id=10648, stack(0x0000005b44300000,0x0000005b44400000) (1024K)]
  0x00000195d8ece850 JavaThread "Active Thread: Equinox Container: c09ce589-bc2f-41f8-b316-b702746725ab"        [_thread_blocked, id=19516, stack(0x0000005b44b00000,0x0000005b44c00000) (1024K)]
  0x00000195d8ed0fb0 JavaThread "Refresh Thread: Equinox Container: c09ce589-bc2f-41f8-b316-b702746725ab" daemon [_thread_blocked, id=12460, stack(0x0000005b44c00000,0x0000005b44d00000) (1024K)]
  0x00000195d8eceee0 JavaThread "Framework Event Dispatcher: Equinox Container: c09ce589-bc2f-41f8-b316-b702746725ab" daemon [_thread_blocked, id=14452, stack(0x0000005b44400000,0x0000005b44500000) (1024K)]
  0x00000195d8ed0290 JavaThread "Start Level: Equinox Container: c09ce589-bc2f-41f8-b316-b702746725ab" daemon [_thread_blocked, id=22420, stack(0x0000005b44e00000,0x0000005b44f00000) (1024K)]
  0x00000195d8ecf570 JavaThread "Bundle File Closer"         daemon [_thread_blocked, id=15120, stack(0x0000005b45000000,0x0000005b45100000) (1024K)]
  0x00000195d8ed0920 JavaThread "SCR Component Actor"        daemon [_thread_blocked, id=2784, stack(0x0000005b45300000,0x0000005b45400000) (1024K)]
  0x00000195dec95710 JavaThread "Worker-JM"                         [_thread_blocked, id=25876, stack(0x0000005b45400000,0x0000005b45500000) (1024K)]
  0x00000195dec92290 JavaThread "JNA Cleaner"                daemon [_thread_blocked, id=5148, stack(0x0000005b45500000,0x0000005b45600000) (1024K)]
  0x00000195dec93cd0 JavaThread "Worker-0: Initialize workspace"        [_thread_blocked, id=13912, stack(0x0000005b45600000,0x0000005b45700000) (1024K)]
  0x00000195dec92920 JavaThread "Worker-1: Updating workspace"        [_thread_blocked, id=22376, stack(0x0000005b45700000,0x0000005b45800000) (1024K)]
  0x00000195dec92fb0 JavaThread "Worker-2"                          [_thread_blocked, id=21580, stack(0x0000005b45900000,0x0000005b45a00000) (1024K)]
  0x00000195dec949f0 JavaThread "Worker-3: Building"                [_thread_blocked, id=11780, stack(0x0000005b45a00000,0x0000005b45b00000) (1024K)]
  0x00000195dec94360 JavaThread "Java indexing"              daemon [_thread_blocked, id=5248, stack(0x0000005b45b00000,0x0000005b45c00000) (1024K)]
  0x00000195dec93640 JavaThread "Worker-4"                          [_thread_blocked, id=9936, stack(0x0000005b45e00000,0x0000005b45f00000) (1024K)]
  0x00000195dec95080 JavaThread "Worker-5"                          [_thread_blocked, id=23580, stack(0x0000005b45f00000,0x0000005b46000000) (1024K)]
  0x00000195e2105040 JavaThread "Thread-2"                   daemon [_thread_in_native, id=22260, stack(0x0000005b46000000,0x0000005b46100000) (1024K)]
  0x00000195e2101bc0 JavaThread "Thread-3"                   daemon [_thread_in_native, id=21528, stack(0x0000005b46100000,0x0000005b46200000) (1024K)]
  0x00000195e2103c90 JavaThread "Thread-4"                   daemon [_thread_in_native, id=11456, stack(0x0000005b46200000,0x0000005b46300000) (1024K)]
  0x00000195e2102250 JavaThread "Thread-5"                   daemon [_thread_in_native, id=21016, stack(0x0000005b46300000,0x0000005b46400000) (1024K)]
  0x00000195e2104320 JavaThread "Thread-6"                   daemon [_thread_in_native, id=24128, stack(0x0000005b46400000,0x0000005b46500000) (1024K)]
  0x00000195e2102f70 JavaThread "Thread-7"                   daemon [_thread_in_native, id=12084, stack(0x0000005b46500000,0x0000005b46600000) (1024K)]
  0x00000195e21028e0 JavaThread "Thread-8"                   daemon [_thread_in_native, id=26132, stack(0x0000005b46600000,0x0000005b46700000) (1024K)]
  0x00000195e2103600 JavaThread "Thread-9"                   daemon [_thread_in_native, id=7092, stack(0x0000005b46700000,0x0000005b46800000) (1024K)]
  0x00000195e21049b0 JavaThread "Thread-10"                  daemon [_thread_in_native, id=24516, stack(0x0000005b46800000,0x0000005b46900000) (1024K)]
  0x00000195e24b3920 JavaThread "Thread-11"                  daemon [_thread_in_native, id=21420, stack(0x0000005b46900000,0x0000005b46a00000) (1024K)]
  0x00000195e24b3fb0 JavaThread "Thread-12"                  daemon [_thread_in_native, id=21804, stack(0x0000005b46a00000,0x0000005b46b00000) (1024K)]
  0x00000195e24b0b30 JavaThread "Thread-13"                  daemon [_thread_in_native, id=13972, stack(0x0000005b46b00000,0x0000005b46c00000) (1024K)]
  0x00000195e24b11c0 JavaThread "Thread-14"                  daemon [_thread_in_native, id=9928, stack(0x0000005b46c00000,0x0000005b46d00000) (1024K)]
  0x00000195e24b1ee0 JavaThread "pool-2-thread-1"                   [_thread_blocked, id=13544, stack(0x0000005b46d00000,0x0000005b46e00000) (1024K)]
  0x00000195e24b2570 JavaThread "WorkspaceEventsHandler"            [_thread_blocked, id=21988, stack(0x0000005b46e00000,0x0000005b46f00000) (1024K)]
  0x00000195e24b4cd0 JavaThread "pool-1-thread-1"                   [_thread_blocked, id=5104, stack(0x0000005b46f00000,0x0000005b47000000) (1024K)]
  0x00000195e24b1850 JavaThread "ForkJoinPool.commonPool-worker-1" daemon [_thread_in_vm, id=14984, stack(0x0000005b47000000,0x0000005b47100000) (1024K)]
  0x00000195e24b59f0 JavaThread "ForkJoinPool.commonPool-worker-2" daemon [_thread_blocked, id=14376, stack(0x0000005b47100000,0x0000005b47200000) (1024K)]
  0x00000195e24b6080 JavaThread "ForkJoinPool.commonPool-worker-3" daemon [_thread_blocked, id=14324, stack(0x0000005b47200000,0x0000005b47300000) (1024K)]
  0x00000195e3085a60 JavaThread "C2 CompilerThread1"         daemon [_thread_in_native, id=3876, stack(0x0000005b44200000,0x0000005b44300000) (1024K)]
=>0x00000195e3086130 JavaThread "C2 CompilerThread2"         daemon [_thread_in_native, id=15220, stack(0x0000005b44f00000,0x0000005b45000000) (1024K)]
  0x00000195e24b7430 JavaThread "LocalFile Deleter"          daemon [_thread_blocked, id=21488, stack(0x0000005b45800000,0x0000005b45900000) (1024K)]
  0x00000195e24b8150 JavaThread "LocalFile Deleter"          daemon [_thread_blocked, id=8880, stack(0x0000005b47300000,0x0000005b47400000) (1024K)]
  0x00000195d8ecdb30 JavaThread "LocalFile Deleter"          daemon [_thread_blocked, id=8788, stack(0x0000005b47400000,0x0000005b47500000) (1024K)]
  0x00000195e1beaec0 JavaThread "LocalFile Deleter"          daemon [_thread_blocked, id=23468, stack(0x0000005b47500000,0x0000005b47600000) (1024K)]
  0x00000195e1bea1a0 JavaThread "LocalFile Deleter"          daemon [_thread_blocked, id=8728, stack(0x0000005b47600000,0x0000005b47700000) (1024K)]
  0x00000195e1be80d0 JavaThread "LocalFile Deleter"          daemon [_thread_blocked, id=4592, stack(0x0000005b47700000,0x0000005b47800000) (1024K)]
  0x00000195e1bebbe0 JavaThread "LocalFile Deleter"          daemon [_thread_blocked, id=15948, stack(0x0000005b47800000,0x0000005b47900000) (1024K)]
  0x00000195e1be9480 JavaThread "LocalFile Deleter"          daemon [_thread_blocked, id=16420, stack(0x0000005b47900000,0x0000005b47a00000) (1024K)]
  0x00000195e1bea830 JavaThread "LocalFile Deleter"          daemon [_thread_blocked, id=25548, stack(0x0000005b47a00000,0x0000005b47b00000) (1024K)]
  0x00000195e1beb550 JavaThread "LocalFile Deleter"          daemon [_thread_blocked, id=3996, stack(0x0000005b47b00000,0x0000005b47c00000) (1024K)]
  0x00000195e1be8760 JavaThread "Compiler Source File Reader" daemon [_thread_blocked, id=25412, stack(0x0000005b47c00000,0x0000005b47d00000) (1024K)]
  0x00000195e1bec270 JavaThread "Compiler Source File Reader" daemon [_thread_blocked, id=11204, stack(0x0000005b47d00000,0x0000005b47e00000) (1024K)]
  0x00000195e1be8df0 JavaThread "Compiler Source File Reader" daemon [_thread_blocked, id=9984, stack(0x0000005b47e00000,0x0000005b47f00000) (1024K)]
  0x00000195e1bec900 JavaThread "Compiler Source File Reader" daemon [_thread_blocked, id=3212, stack(0x0000005b47f00000,0x0000005b48000000) (1024K)]
  0x00000195e1be9b10 JavaThread "Compiler Source File Reader" daemon [_thread_blocked, id=10164, stack(0x0000005b48000000,0x0000005b48100000) (1024K)]
  0x00000195e1bedcb0 JavaThread "Compiler Source File Reader" daemon [_thread_blocked, id=23416, stack(0x0000005b48100000,0x0000005b48200000) (1024K)]
  0x00000195e1becf90 JavaThread "Compiler Source File Reader" daemon [_thread_blocked, id=22932, stack(0x0000005b48200000,0x0000005b48300000) (1024K)]
  0x00000195e1bed620 JavaThread "Compiler Source File Reader" daemon [_thread_blocked, id=16772, stack(0x0000005b48300000,0x0000005b48400000) (1024K)]
  0x00000195e1bee340 JavaThread "Compiler Source File Reader" daemon [_thread_blocked, id=4400, stack(0x0000005b48400000,0x0000005b48500000) (1024K)]
  0x00000195e1bee9d0 JavaThread "Compiler Source File Reader" daemon [_thread_blocked, id=5016, stack(0x0000005b48500000,0x0000005b48600000) (1024K)]
  0x00000195e1bef6f0 JavaThread "Compiler Processing Task"   daemon [_thread_blocked, id=24452, stack(0x0000005b48600000,0x0000005b48700000) (1024K)]
  0x00000195e1a35960 JavaThread "Compiler Class File Writer" daemon [_thread_blocked, id=25684, stack(0x0000005b48700000,0x0000005b48800000) (1024K)]
  0x00000195e1a33f20 JavaThread "Compiler Class File Writer" daemon [_thread_blocked, id=1636, stack(0x0000005b48800000,0x0000005b48900000) (1024K)]
  0x00000195e1a345b0 JavaThread "Compiler Class File Writer" daemon [_thread_blocked, id=22176, stack(0x0000005b48900000,0x0000005b48a00000) (1024K)]
Total: 71

Other Threads:
  0x0000019580170950 VMThread "VM Thread"                           [id=5968, stack(0x0000005b43800000,0x0000005b43900000) (1024K)] _threads_hazard_ptr=0x00000195df5fc6a0
  0x000001959677ca00 WatcherThread "VM Periodic Task Thread"        [id=10280, stack(0x0000005b43700000,0x0000005b43800000) (1024K)]
  0x00000195801705b0 WorkerThread "GC Thread#0"                     [id=9316, stack(0x0000005b43600000,0x0000005b43700000) (1024K)]
  0x00000195801717d0 WorkerThread "GC Thread#1"                     [id=8996, stack(0x0000005b44500000,0x0000005b44600000) (1024K)]
  0x000001958016fe70 WorkerThread "GC Thread#2"                     [id=22160, stack(0x0000005b44600000,0x0000005b44700000) (1024K)]
  0x00000195de7c1560 WorkerThread "GC Thread#3"                     [id=24772, stack(0x0000005b44700000,0x0000005b44800000) (1024K)]
  0x00000195de7c40e0 WorkerThread "GC Thread#4"                     [id=20156, stack(0x0000005b44800000,0x0000005b44900000) (1024K)]
  0x00000195de7c1900 WorkerThread "GC Thread#5"                     [id=24072, stack(0x0000005b44900000,0x0000005b44a00000) (1024K)]
  0x00000195de7c1ca0 WorkerThread "GC Thread#6"                     [id=11636, stack(0x0000005b44a00000,0x0000005b44b00000) (1024K)]
  0x00000195de7c4bc0 WorkerThread "GC Thread#7"                     [id=1312, stack(0x0000005b44d00000,0x0000005b44e00000) (1024K)]
  0x00000195de7c4480 WorkerThread "GC Thread#8"                     [id=10972, stack(0x0000005b45100000,0x0000005b45200000) (1024K)]
  0x00000195de7c23e0 WorkerThread "GC Thread#9"                     [id=10332, stack(0x0000005b45200000,0x0000005b45300000) (1024K)]
Total: 12

Threads with active compile tasks:
C2 CompilerThread0  21155 10809 %     4       java.util.Properties::load0 @ 8 (249 bytes)
C1 CompilerThread0  21155 10856       3       org.eclipse.core.internal.events.ResourceDelta::getMarkerDeltas (95 bytes)
C2 CompilerThread1  21155 10653       4       org.eclipse.jdt.internal.compiler.lookup.BinaryTypeBinding::createMethod (1720 bytes)
C2 CompilerThread2  21155 10844  s    4       java.util.Hashtable::putAll (52 bytes)
Total: 4

VM state: synchronizing (normal execution)

VM Mutex/Monitor currently owned by a thread:  ([mutex/lock_event])
[0x00007ffcbc56c300] Metaspace_lock - owner thread: 0x00000195e24b1850
[0x00007ffcbc56e380] Threads_lock - owner thread: 0x0000019580170950
[0x00007ffcbc56e480] Heap_lock - owner thread: 0x00000195dec94360

Heap address: 0x00000000c0000000, size: 1024 MB, Compressed Oops mode: 32-bit

CDS archive(s) mapped at: [0x0000019597000000-0x0000019597ba0000-0x0000019597ba0000), size 12189696, SharedBaseAddress: 0x0000019597000000, ArchiveRelocationMode: 1.
Compressed class space mapped at: 0x0000019598000000-0x00000195d8000000, reserved size: 1073741824
Narrow klass base: 0x0000019597000000, Narrow klass shift: 0, Narrow klass range: 0x100000000

GC Precious Log:
 CardTable entry size: 512
 CPUs: 12 total, 12 available
 Memory: 15741M
 Large Page Support: Disabled
 NUMA Support: Disabled
 Compressed Oops: Enabled (32-bit)
 Alignments: Space 512K, Generation 512K, Heap 2M
 Heap Min Capacity: 100M
 Heap Initial Capacity: 100M
 Heap Max Capacity: 1G
 Pre-touch: Disabled
 Parallel Workers: 10

Heap:
 PSYoungGen      total 8704K, used 8682K [0x00000000eab00000, 0x00000000eb680000, 0x0000000100000000)
  eden space 7680K, 99% used [0x00000000eab00000,0x00000000eb27ff90,0x00000000eb280000)
  from space 1024K, 97% used [0x00000000eb480000,0x00000000eb57aa50,0x00000000eb580000)
  to   space 2048K, 0% used [0x00000000eb280000,0x00000000eb280000,0x00000000eb480000)
 ParOldGen       total 74752K, used 74367K [0x00000000c0000000, 0x00000000c4900000, 0x00000000eab00000)
  object space 74752K, 99% used [0x00000000c0000000,0x00000000c489fd28,0x00000000c4900000)
 Metaspace       used 63073K, committed 64512K, reserved 1114112K
  class space    used 6368K, committed 7040K, reserved 1048576K

Card table byte_map: [0x0000019594130000,0x0000019594340000] _byte_map_base: 0x0000019593b30000

Marking Bits: (ParMarkBitMap*) 0x00007ffcbc573260
 Begin Bits: [0x00000195944a0000, 0x00000195954a0000)
 End Bits:   [0x00000195954a0000, 0x00000195964a0000)

Polling page: 0x0000019580150000

Metaspace:

Usage:
  Non-class:     55.38 MB used.
      Class:      6.22 MB used.
       Both:     61.59 MB used.

Virtual space:
  Non-class space:       64.00 MB reserved,      56.12 MB ( 88%) committed,  1 nodes.
      Class space:        1.00 GB reserved,       6.88 MB ( <1%) committed,  1 nodes.
             Both:        1.06 GB reserved,      63.00 MB (  6%) committed. 

Chunk freelists:
   Non-Class:  7.80 MB
       Class:  9.05 MB
        Both:  16.85 MB

MaxMetaspaceSize: unlimited
CompressedClassSpaceSize: 1.00 GB
Initial GC threshold: 21.00 MB
Current GC threshold: 97.31 MB
CDS: on
 - commit_granule_bytes: 65536.
 - commit_granule_words: 8192.
 - virtual_space_node_default_size: 8388608.
 - enlarge_chunks_in_place: 1.
 - use_allocation_guard: 0.


Internal statistics:

num_allocs_failed_limit: 11.
num_arena_births: 1102.
num_arena_deaths: 14.
num_vsnodes_births: 2.
num_vsnodes_deaths: 0.
num_space_committed: 1008.
num_space_uncommitted: 0.
num_chunks_returned_to_freelist: 25.
num_chunks_taken_from_freelist: 4095.
num_chunk_merges: 17.
num_chunk_splits: 2511.
num_chunks_enlarged: 1420.
num_inconsistent_stats: 0.

CodeHeap 'non-profiled nmethods': size=120000Kb used=7047Kb max_used=7047Kb free=112952Kb
 bounds [0x000001958ca20000, 0x000001958d110000, 0x0000019593f50000]
CodeHeap 'profiled nmethods': size=120000Kb used=23199Kb max_used=23199Kb free=96800Kb
 bounds [0x0000019584f50000, 0x0000019586600000, 0x000001958c480000]
CodeHeap 'non-nmethods': size=5760Kb used=1440Kb max_used=1539Kb free=4319Kb
 bounds [0x000001958c480000, 0x000001958c6f0000, 0x000001958ca20000]
 total_blobs=10838 nmethods=10081 adapters=661
 compilation: enabled
              stopped_count=0, restarted_count=0
 full_count=0

Compilation events (20 events):
Event: 21.040 Thread 0x0000019581cce810 10839   !   3       org.eclipse.jdt.internal.core.CompilationUnitStructureRequestor::overwriteInitializer (91 bytes)
Event: 21.043 Thread 0x0000019581cce810 nmethod 10839 0x00000195865ef210 code [0x00000195865ef9a0, 0x00000195865f27a8]
Event: 21.043 Thread 0x0000019581cce810 10840       3       org.eclipse.jdt.internal.core.CompilationUnitStructureRequestor::createField (18 bytes)
Event: 21.044 Thread 0x0000019581cce810 nmethod 10840 0x00000195865f4810 code [0x00000195865f4a00, 0x00000195865f4dc0]
Event: 21.056 Thread 0x00000195e3086130 nmethod 10824 0x000001958d0fea10 code [0x000001958d0fec40, 0x000001958d0fff28]
Event: 21.057 Thread 0x00000195e3086130 10825       4       java.util.HashMap::putVal (300 bytes)
Event: 21.064 Thread 0x0000019581cce810 10842       1       org.eclipse.jdt.core.dom.SimpleName::getIdentifier (5 bytes)
Event: 21.064 Thread 0x0000019581cce810 nmethod 10842 0x000001958d100a10 code [0x000001958d100ba0, 0x000001958d100c68]
Event: 21.068 Thread 0x0000019581cce810 10843       3       java.util.concurrent.ConcurrentHashMap$CollectionView::<init> (10 bytes)
Event: 21.069 Thread 0x00000195e3086130 nmethod 10825 0x000001958d100d10 code [0x000001958d100f20, 0x000001958d1015e0]
Event: 21.069 Thread 0x0000019581cce810 nmethod 10843 0x00000195865f5010 code [0x00000195865f51c0, 0x00000195865f5348]
Event: 21.069 Thread 0x00000195e3086130 10844  s    4       java.util.Hashtable::putAll (52 bytes)
Event: 21.076 Thread 0x0000019581cce810 10848       1       lombok.patcher.scripts.ExitFromMethodEarlyScript::access$1 (5 bytes)
Event: 21.077 Thread 0x0000019581cce810 nmethod 10848 0x000001958d101b90 code [0x000001958d101d20, 0x000001958d101dd0]
Event: 21.100 Thread 0x0000019581cce810 10849  s    3       sun.nio.ch.ChannelInputStream::read (41 bytes)
Event: 21.119 Thread 0x0000019581cce810 nmethod 10849 0x00000195865f5410 code [0x00000195865f55e0, 0x00000195865f5ab8]
Event: 21.119 Thread 0x0000019581cce810 10850       3       java.util.concurrent.locks.AbstractQueuedSynchronizer::signalNextIfShared (41 bytes)
Event: 21.120 Thread 0x0000019581cce810 nmethod 10850 0x00000195865f5c90 code [0x00000195865f5ea0, 0x00000195865f6450]
Event: 21.120 Thread 0x0000019581cce810 10854       3       java.lang.invoke.LambdaForm$MH/0x0000019598686400::invoke (42 bytes)
Event: 21.120 Thread 0x0000019581cce810 nmethod 10854 0x00000195865f6610 code [0x00000195865f6860, 0x00000195865f7238]

GC Heap History (20 events):
Event: 19.655 GC heap before
{Heap before GC invocations=46 (full 3):
 PSYoungGen      total 12800K, used 12534K [0x00000000eab00000, 0x00000000eba00000, 0x0000000100000000)
  eden space 10752K, 100% used [0x00000000eab00000,0x00000000eb580000,0x00000000eb580000)
  from space 2048K, 87% used [0x00000000eb800000,0x00000000eb9bdb68,0x00000000eba00000)
  to   space 2048K, 0% used [0x00000000eb600000,0x00000000eb600000,0x00000000eb800000)
 ParOldGen       total 68608K, used 60639K [0x00000000c0000000, 0x00000000c4300000, 0x00000000eab00000)
  object space 68608K, 88% used [0x00000000c0000000,0x00000000c3b37c48,0x00000000c4300000)
 Metaspace       used 61640K, committed 63104K, reserved 1114112K
  class space    used 6282K, committed 6912K, reserved 1048576K
}
Event: 19.657 GC heap after
{Heap after GC invocations=46 (full 3):
 PSYoungGen      total 12800K, used 1710K [0x00000000eab00000, 0x00000000eb980000, 0x0000000100000000)
  eden space 10752K, 0% used [0x00000000eab00000,0x00000000eab00000,0x00000000eb580000)
  from space 2048K, 83% used [0x00000000eb600000,0x00000000eb7abb10,0x00000000eb800000)
  to   space 1536K, 0% used [0x00000000eb800000,0x00000000eb800000,0x00000000eb980000)
 ParOldGen       total 68608K, used 62041K [0x00000000c0000000, 0x00000000c4300000, 0x00000000eab00000)
  object space 68608K, 90% used [0x00000000c0000000,0x00000000c3c96760,0x00000000c4300000)
 Metaspace       used 61640K, committed 63104K, reserved 1114112K
  class space    used 6282K, committed 6912K, reserved 1048576K
}
Event: 19.862 GC heap before
{Heap before GC invocations=47 (full 3):
 PSYoungGen      total 12800K, used 12462K [0x00000000eab00000, 0x00000000eb980000, 0x0000000100000000)
  eden space 10752K, 100% used [0x00000000eab00000,0x00000000eb580000,0x00000000eb580000)
  from space 2048K, 83% used [0x00000000eb600000,0x00000000eb7abb10,0x00000000eb800000)
  to   space 1536K, 0% used [0x00000000eb800000,0x00000000eb800000,0x00000000eb980000)
 ParOldGen       total 68608K, used 62041K [0x00000000c0000000, 0x00000000c4300000, 0x00000000eab00000)
  object space 68608K, 90% used [0x00000000c0000000,0x00000000c3c96760,0x00000000c4300000)
 Metaspace       used 61813K, committed 63296K, reserved 1114112K
  class space    used 6287K, committed 6976K, reserved 1048576K
}
Event: 19.864 GC heap after
{Heap after GC invocations=47 (full 3):
 PSYoungGen      total 11264K, used 1524K [0x00000000eab00000, 0x00000000ebc80000, 0x0000000100000000)
  eden space 9728K, 0% used [0x00000000eab00000,0x00000000eab00000,0x00000000eb480000)
  from space 1536K, 99% used [0x00000000eb800000,0x00000000eb97d1d8,0x00000000eb980000)
  to   space 3584K, 0% used [0x00000000eb480000,0x00000000eb480000,0x00000000eb800000)
 ParOldGen       total 68608K, used 63802K [0x00000000c0000000, 0x00000000c4300000, 0x00000000eab00000)
  object space 68608K, 92% used [0x00000000c0000000,0x00000000c3e4eab8,0x00000000c4300000)
 Metaspace       used 61813K, committed 63296K, reserved 1114112K
  class space    used 6287K, committed 6976K, reserved 1048576K
}
Event: 19.930 GC heap before
{Heap before GC invocations=48 (full 3):
 PSYoungGen      total 11264K, used 11215K [0x00000000eab00000, 0x00000000ebc80000, 0x0000000100000000)
  eden space 9728K, 99% used [0x00000000eab00000,0x00000000eb476dd8,0x00000000eb480000)
  from space 1536K, 99% used [0x00000000eb800000,0x00000000eb97d1d8,0x00000000eb980000)
  to   space 3584K, 0% used [0x00000000eb480000,0x00000000eb480000,0x00000000eb800000)
 ParOldGen       total 68608K, used 63802K [0x00000000c0000000, 0x00000000c4300000, 0x00000000eab00000)
  object space 68608K, 92% used [0x00000000c0000000,0x00000000c3e4eab8,0x00000000c4300000)
 Metaspace       used 61841K, committed 63296K, reserved 1114112K
  class space    used 6288K, committed 6976K, reserved 1048576K
}
Event: 19.932 GC heap after
{Heap after GC invocations=48 (full 3):
 PSYoungGen      total 11264K, used 1136K [0x00000000eab00000, 0x00000000eb880000, 0x0000000100000000)
  eden space 9728K, 0% used [0x00000000eab00000,0x00000000eab00000,0x00000000eb480000)
  from space 1536K, 73% used [0x00000000eb480000,0x00000000eb59c108,0x00000000eb600000)
  to   space 2048K, 0% used [0x00000000eb680000,0x00000000eb680000,0x00000000eb880000)
 ParOldGen       total 68608K, used 65329K [0x00000000c0000000, 0x00000000c4300000, 0x00000000eab00000)
  object space 68608K, 95% used [0x00000000c0000000,0x00000000c3fcc778,0x00000000c4300000)
 Metaspace       used 61841K, committed 63296K, reserved 1114112K
  class space    used 6288K, committed 6976K, reserved 1048576K
}
Event: 20.066 GC heap before
{Heap before GC invocations=49 (full 3):
 PSYoungGen      total 11264K, used 10864K [0x00000000eab00000, 0x00000000eb880000, 0x0000000100000000)
  eden space 9728K, 100% used [0x00000000eab00000,0x00000000eb480000,0x00000000eb480000)
  from space 1536K, 73% used [0x00000000eb480000,0x00000000eb59c108,0x00000000eb600000)
  to   space 2048K, 0% used [0x00000000eb680000,0x00000000eb680000,0x00000000eb880000)
 ParOldGen       total 68608K, used 65329K [0x00000000c0000000, 0x00000000c4300000, 0x00000000eab00000)
  object space 68608K, 95% used [0x00000000c0000000,0x00000000c3fcc778,0x00000000c4300000)
 Metaspace       used 61897K, committed 63360K, reserved 1114112K
  class space    used 6289K, committed 6976K, reserved 1048576K
}
Event: 20.068 GC heap after
{Heap after GC invocations=49 (full 3):
 PSYoungGen      total 11776K, used 1498K [0x00000000eab00000, 0x00000000eb880000, 0x0000000100000000)
  eden space 9728K, 0% used [0x00000000eab00000,0x00000000eab00000,0x00000000eb480000)
  from space 2048K, 73% used [0x00000000eb680000,0x00000000eb7f6bc0,0x00000000eb880000)
  to   space 2048K, 0% used [0x00000000eb480000,0x00000000eb480000,0x00000000eb680000)
 ParOldGen       total 68608K, used 67782K [0x00000000c0000000, 0x00000000c4300000, 0x00000000eab00000)
  object space 68608K, 98% used [0x00000000c0000000,0x00000000c4231930,0x00000000c4300000)
 Metaspace       used 61897K, committed 63360K, reserved 1114112K
  class space    used 6289K, committed 6976K, reserved 1048576K
}
Event: 20.154 GC heap before
{Heap before GC invocations=50 (full 3):
 PSYoungGen      total 11776K, used 10207K [0x00000000eab00000, 0x00000000eb880000, 0x0000000100000000)
  eden space 9728K, 89% used [0x00000000eab00000,0x00000000eb381358,0x00000000eb480000)
  from space 2048K, 73% used [0x00000000eb680000,0x00000000eb7f6bc0,0x00000000eb880000)
  to   space 2048K, 0% used [0x00000000eb480000,0x00000000eb480000,0x00000000eb680000)
 ParOldGen       total 68608K, used 67782K [0x00000000c0000000, 0x00000000c4300000, 0x00000000eab00000)
  object space 68608K, 98% used [0x00000000c0000000,0x00000000c4231930,0x00000000c4300000)
 Metaspace       used 61913K, committed 63360K, reserved 1114112K
  class space    used 6289K, committed 6976K, reserved 1048576K
}
Event: 20.157 GC heap after
{Heap after GC invocations=50 (full 3):
 PSYoungGen      total 11264K, used 1120K [0x00000000eab00000, 0x00000000eb780000, 0x0000000100000000)
  eden space 9728K, 0% used [0x00000000eab00000,0x00000000eab00000,0x00000000eb480000)
  from space 1536K, 72% used [0x00000000eb480000,0x00000000eb598350,0x00000000eb600000)
  to   space 1536K, 0% used [0x00000000eb600000,0x00000000eb600000,0x00000000eb780000)
 ParOldGen       total 69120K, used 68963K [0x00000000c0000000, 0x00000000c4380000, 0x00000000eab00000)
  object space 69120K, 99% used [0x00000000c0000000,0x00000000c4358ce8,0x00000000c4380000)
 Metaspace       used 61913K, committed 63360K, reserved 1114112K
  class space    used 6289K, committed 6976K, reserved 1048576K
}
Event: 20.349 GC heap before
{Heap before GC invocations=51 (full 3):
 PSYoungGen      total 11264K, used 10617K [0x00000000eab00000, 0x00000000eb780000, 0x0000000100000000)
  eden space 9728K, 97% used [0x00000000eab00000,0x00000000eb446320,0x00000000eb480000)
  from space 1536K, 72% used [0x00000000eb480000,0x00000000eb598350,0x00000000eb600000)
  to   space 1536K, 0% used [0x00000000eb600000,0x00000000eb600000,0x00000000eb780000)
 ParOldGen       total 69120K, used 68963K [0x00000000c0000000, 0x00000000c4380000, 0x00000000eab00000)
  object space 69120K, 99% used [0x00000000c0000000,0x00000000c4358ce8,0x00000000c4380000)
 Metaspace       used 61975K, committed 63424K, reserved 1114112K
  class space    used 6290K, committed 6976K, reserved 1048576K
}
Event: 20.351 GC heap after
{Heap after GC invocations=51 (full 3):
 PSYoungGen      total 9216K, used 1533K [0x00000000eab00000, 0x00000000ebb80000, 0x0000000100000000)
  eden space 7680K, 0% used [0x00000000eab00000,0x00000000eab00000,0x00000000eb280000)
  from space 1536K, 99% used [0x00000000eb600000,0x00000000eb77f7c0,0x00000000eb780000)
  to   space 3584K, 0% used [0x00000000eb280000,0x00000000eb280000,0x00000000eb600000)
 ParOldGen       total 70656K, used 70504K [0x00000000c0000000, 0x00000000c4500000, 0x00000000eab00000)
  object space 70656K, 99% used [0x00000000c0000000,0x00000000c44da3f8,0x00000000c4500000)
 Metaspace       used 61975K, committed 63424K, reserved 1114112K
  class space    used 6290K, committed 6976K, reserved 1048576K
}
Event: 20.399 GC heap before
{Heap before GC invocations=52 (full 3):
 PSYoungGen      total 9216K, used 9170K [0x00000000eab00000, 0x00000000ebb80000, 0x0000000100000000)
  eden space 7680K, 99% used [0x00000000eab00000,0x00000000eb2752e8,0x00000000eb280000)
  from space 1536K, 99% used [0x00000000eb600000,0x00000000eb77f7c0,0x00000000eb780000)
  to   space 3584K, 0% used [0x00000000eb280000,0x00000000eb280000,0x00000000eb600000)
 ParOldGen       total 70656K, used 70504K [0x00000000c0000000, 0x00000000c4500000, 0x00000000eab00000)
  object space 70656K, 99% used [0x00000000c0000000,0x00000000c44da3f8,0x00000000c4500000)
 Metaspace       used 61997K, committed 63488K, reserved 1114112K
  class space    used 6292K, committed 6976K, reserved 1048576K
}
Event: 20.401 GC heap after
{Heap after GC invocations=52 (full 3):
 PSYoungGen      total 8704K, used 923K [0x00000000eab00000, 0x00000000eb680000, 0x0000000100000000)
  eden space 7680K, 0% used [0x00000000eab00000,0x00000000eab00000,0x00000000eb280000)
  from space 1024K, 90% used [0x00000000eb280000,0x00000000eb366c80,0x00000000eb380000)
  to   space 2048K, 0% used [0x00000000eb480000,0x00000000eb480000,0x00000000eb680000)
 ParOldGen       total 72192K, used 72044K [0x00000000c0000000, 0x00000000c4680000, 0x00000000eab00000)
  object space 72192K, 99% used [0x00000000c0000000,0x00000000c465b210,0x00000000c4680000)
 Metaspace       used 61997K, committed 63488K, reserved 1114112K
  class space    used 6292K, committed 6976K, reserved 1048576K
}
Event: 20.505 GC heap before
{Heap before GC invocations=53 (full 3):
 PSYoungGen      total 8704K, used 8599K [0x00000000eab00000, 0x00000000eb680000, 0x0000000100000000)
  eden space 7680K, 99% used [0x00000000eab00000,0x00000000eb27f370,0x00000000eb280000)
  from space 1024K, 90% used [0x00000000eb280000,0x00000000eb366c80,0x00000000eb380000)
  to   space 2048K, 0% used [0x00000000eb480000,0x00000000eb480000,0x00000000eb680000)
 ParOldGen       total 72192K, used 72044K [0x00000000c0000000, 0x00000000c4680000, 0x00000000eab00000)
  object space 72192K, 99% used [0x00000000c0000000,0x00000000c465b210,0x00000000c4680000)
 Metaspace       used 62040K, committed 63488K, reserved 1114112K
  class space    used 6294K, committed 6976K, reserved 1048576K
}
Event: 20.507 GC heap after
{Heap after GC invocations=53 (full 3):
 PSYoungGen      total 9216K, used 1230K [0x00000000eab00000, 0x00000000eb600000, 0x0000000100000000)
  eden space 7680K, 0% used [0x00000000eab00000,0x00000000eab00000,0x00000000eb280000)
  from space 1536K, 80% used [0x00000000eb480000,0x00000000eb5b3888,0x00000000eb600000)
  to   space 1536K, 0% used [0x00000000eb300000,0x00000000eb300000,0x00000000eb480000)
 ParOldGen       total 72704K, used 72644K [0x00000000c0000000, 0x00000000c4700000, 0x00000000eab00000)
  object space 72704K, 99% used [0x00000000c0000000,0x00000000c46f1168,0x00000000c4700000)
 Metaspace       used 62040K, committed 63488K, reserved 1114112K
  class space    used 6294K, committed 6976K, reserved 1048576K
}
Event: 20.811 GC heap before
{Heap before GC invocations=54 (full 3):
 PSYoungGen      total 9216K, used 8886K [0x00000000eab00000, 0x00000000eb600000, 0x0000000100000000)
  eden space 7680K, 99% used [0x00000000eab00000,0x00000000eb27a1c0,0x00000000eb280000)
  from space 1536K, 80% used [0x00000000eb480000,0x00000000eb5b3888,0x00000000eb600000)
  to   space 1536K, 0% used [0x00000000eb300000,0x00000000eb300000,0x00000000eb480000)
 ParOldGen       total 72704K, used 72644K [0x00000000c0000000, 0x00000000c4700000, 0x00000000eab00000)
  object space 72704K, 99% used [0x00000000c0000000,0x00000000c46f1168,0x00000000c4700000)
 Metaspace       used 62269K, committed 63680K, reserved 1114112K
  class space    used 6312K, committed 6976K, reserved 1048576K
}
Event: 20.813 GC heap after
{Heap after GC invocations=54 (full 3):
 PSYoungGen      total 9216K, used 1085K [0x00000000eab00000, 0x00000000eb580000, 0x0000000100000000)
  eden space 7680K, 0% used [0x00000000eab00000,0x00000000eab00000,0x00000000eb280000)
  from space 1536K, 70% used [0x00000000eb300000,0x00000000eb40f7c0,0x00000000eb480000)
  to   space 1024K, 0% used [0x00000000eb480000,0x00000000eb480000,0x00000000eb580000)
 ParOldGen       total 73728K, used 73491K [0x00000000c0000000, 0x00000000c4800000, 0x00000000eab00000)
  object space 73728K, 99% used [0x00000000c0000000,0x00000000c47c4c78,0x00000000c4800000)
 Metaspace       used 62269K, committed 63680K, reserved 1114112K
  class space    used 6312K, committed 6976K, reserved 1048576K
}
Event: 21.074 GC heap before
{Heap before GC invocations=55 (full 3):
 PSYoungGen      total 9216K, used 8751K [0x00000000eab00000, 0x00000000eb580000, 0x0000000100000000)
  eden space 7680K, 99% used [0x00000000eab00000,0x00000000eb27c4f0,0x00000000eb280000)
  from space 1536K, 70% used [0x00000000eb300000,0x00000000eb40f7c0,0x00000000eb480000)
  to   space 1024K, 0% used [0x00000000eb480000,0x00000000eb480000,0x00000000eb580000)
 ParOldGen       total 73728K, used 73491K [0x00000000c0000000, 0x00000000c4800000, 0x00000000eab00000)
  object space 73728K, 99% used [0x00000000c0000000,0x00000000c47c4c78,0x00000000c4800000)
 Metaspace       used 62858K, committed 64320K, reserved 1114112K
  class space    used 6352K, committed 6976K, reserved 1048576K
}
Event: 21.076 GC heap after
{Heap after GC invocations=55 (full 3):
 PSYoungGen      total 8704K, used 1002K [0x00000000eab00000, 0x00000000eb680000, 0x0000000100000000)
  eden space 7680K, 0% used [0x00000000eab00000,0x00000000eab00000,0x00000000eb280000)
  from space 1024K, 97% used [0x00000000eb480000,0x00000000eb57aa50,0x00000000eb580000)
  to   space 2048K, 0% used [0x00000000eb280000,0x00000000eb280000,0x00000000eb480000)
 ParOldGen       total 74752K, used 74367K [0x00000000c0000000, 0x00000000c4900000, 0x00000000eab00000)
  object space 74752K, 99% used [0x00000000c0000000,0x00000000c489fd28,0x00000000c4900000)
 Metaspace       used 62858K, committed 64320K, reserved 1114112K
  class space    used 6352K, committed 6976K, reserved 1048576K
}

Dll operation events (10 events):
Event: 0.011 Loaded shared library c:\Users\carlo\.vscode\extensions\redhat.java-1.41.1-win32-x64\jre\21.0.6-win32-x86_64\bin\java.dll
Event: 0.108 Loaded shared library c:\Users\carlo\.vscode\extensions\redhat.java-1.41.1-win32-x64\jre\21.0.6-win32-x86_64\bin\zip.dll
Event: 0.140 Loaded shared library C:\Users\carlo\.vscode\extensions\redhat.java-1.41.1-win32-x64\jre\21.0.6-win32-x86_64\bin\instrument.dll
Event: 0.146 Loaded shared library C:\Users\carlo\.vscode\extensions\redhat.java-1.41.1-win32-x64\jre\21.0.6-win32-x86_64\bin\net.dll
Event: 0.150 Loaded shared library C:\Users\carlo\.vscode\extensions\redhat.java-1.41.1-win32-x64\jre\21.0.6-win32-x86_64\bin\nio.dll
Event: 0.155 Loaded shared library C:\Users\carlo\.vscode\extensions\redhat.java-1.41.1-win32-x64\jre\21.0.6-win32-x86_64\bin\zip.dll
Event: 0.178 Loaded shared library C:\Users\carlo\.vscode\extensions\redhat.java-1.41.1-win32-x64\jre\21.0.6-win32-x86_64\bin\jimage.dll
Event: 0.257 Loaded shared library c:\Users\carlo\.vscode\extensions\redhat.java-1.41.1-win32-x64\jre\21.0.6-win32-x86_64\bin\verify.dll
Event: 1.756 Loaded shared library C:\Users\carlo\AppData\Roaming\Code\User\globalStorage\redhat.java\1.41.1\config_win\org.eclipse.equinox.launcher\org.eclipse.equinox.launcher.win32.win32.x86_64_1.2.1300.v20250331-1702\eclipse_11911.dll
Event: 4.356 Loaded shared library C:\Users\carlo\AppData\Local\Temp\jna-94431319\jna14484496683080339414.dll

Deoptimization events (20 events):
Event: 20.677 Thread 0x00000195dec92fb0 DEOPT PACKING pc=0x0000019584f9b4a0 sp=0x0000005b459fd990
Event: 20.677 Thread 0x00000195dec92fb0 DEOPT UNPACKING pc=0x000001958c4d4242 sp=0x0000005b459fce98 mode 3
Event: 20.701 Thread 0x00000195dec949f0 DEOPT PACKING pc=0x0000019585818a04 sp=0x0000005b45afd450
Event: 20.701 Thread 0x00000195dec949f0 DEOPT UNPACKING pc=0x000001958c4d4242 sp=0x0000005b45afc908 mode 0
Event: 21.014 Thread 0x00000195e24b1850 DEOPT PACKING pc=0x0000019585c01d26 sp=0x0000005b470fd680
Event: 21.014 Thread 0x00000195e24b1850 DEOPT UNPACKING pc=0x000001958c4d4242 sp=0x0000005b470fcb70 mode 0
Event: 21.014 Thread 0x00000195e24b1850 DEOPT PACKING pc=0x0000019585c01d26 sp=0x0000005b470fd680
Event: 21.014 Thread 0x00000195e24b1850 DEOPT UNPACKING pc=0x000001958c4d4242 sp=0x0000005b470fcb70 mode 0
Event: 21.015 Thread 0x00000195e24b1850 DEOPT PACKING pc=0x0000019585c01d26 sp=0x0000005b470fd680
Event: 21.015 Thread 0x00000195e24b1850 DEOPT UNPACKING pc=0x000001958c4d4242 sp=0x0000005b470fcb70 mode 0
Event: 21.015 Thread 0x00000195e24b1850 DEOPT PACKING pc=0x0000019585c01d26 sp=0x0000005b470fd680
Event: 21.015 Thread 0x00000195e24b1850 DEOPT UNPACKING pc=0x000001958c4d4242 sp=0x0000005b470fcb70 mode 0
Event: 21.016 Thread 0x00000195e24b1850 DEOPT PACKING pc=0x0000019585c01d26 sp=0x0000005b470fd680
Event: 21.016 Thread 0x00000195e24b1850 DEOPT UNPACKING pc=0x000001958c4d4242 sp=0x0000005b470fcb70 mode 0
Event: 21.069 Thread 0x00000195e24b1850 DEOPT PACKING pc=0x0000019585818a04 sp=0x0000005b470fe3e0
Event: 21.069 Thread 0x00000195e24b1850 DEOPT UNPACKING pc=0x000001958c4d4242 sp=0x0000005b470fd898 mode 0
Event: 21.121 Thread 0x00000195dec94360 Uncommon trap: trap_request=0xffffff45 fr.pc=0x000001958cd49e58 relative=0x0000000000000a98
Event: 21.121 Thread 0x00000195dec94360 Uncommon trap: reason=unstable_if action=reinterpret pc=0x000001958cd49e58 method=sun.nio.fs.WindowsPath.openForReadAttributeAccess(Z)J @ 5 c2
Event: 21.121 Thread 0x00000195dec94360 DEOPT PACKING pc=0x000001958cd49e58 sp=0x0000005b45bfefc0
Event: 21.121 Thread 0x00000195dec94360 DEOPT UNPACKING pc=0x000001958c4d3aa2 sp=0x0000005b45bfefa8 mode 2

Classes loaded (20 events):
Event: 18.600 Loading class java/util/concurrent/ConcurrentHashMap$TreeNode
Event: 18.601 Loading class java/util/concurrent/ConcurrentHashMap$TreeNode done
Event: 18.601 Loading class java/util/concurrent/ConcurrentHashMap$TreeBin
Event: 18.601 Loading class java/util/concurrent/ConcurrentHashMap$TreeBin done
Event: 19.061 Loading class java/util/concurrent/CompletableFuture$UniApply
Event: 19.061 Loading class java/util/concurrent/CompletableFuture$UniCompletion
Event: 19.061 Loading class java/util/concurrent/CompletableFuture$UniCompletion done
Event: 19.061 Loading class java/util/concurrent/CompletableFuture$UniApply done
Event: 19.062 Loading class java/util/concurrent/CompletableFuture$UniAccept
Event: 19.062 Loading class java/util/concurrent/CompletableFuture$UniAccept done
Event: 19.062 Loading class java/util/concurrent/CompletableFuture$UniExceptionally
Event: 19.063 Loading class java/util/concurrent/CompletableFuture$UniExceptionally done
Event: 19.383 Loading class java/util/Hashtable$KeySet
Event: 19.384 Loading class java/util/Hashtable$KeySet done
Event: 20.912 Loading class java/util/stream/ReduceOps$2
Event: 20.912 Loading class java/util/stream/ReduceOps$2 done
Event: 20.912 Loading class java/util/stream/ReduceOps$2ReducingSink
Event: 20.912 Loading class java/util/stream/ReduceOps$2ReducingSink done
Event: 21.120 Loading class sun/nio/fs/WindowsFileCopy
Event: 21.121 Loading class sun/nio/fs/WindowsFileCopy done

Classes unloaded (7 events):
Event: 5.645 Thread 0x0000019580170950 Unloading class 0x0000019598198c00 'java/lang/invoke/LambdaForm$MH+0x0000019598198c00'
Event: 5.645 Thread 0x0000019580170950 Unloading class 0x0000019598198800 'java/lang/invoke/LambdaForm$MH+0x0000019598198800'
Event: 5.645 Thread 0x0000019580170950 Unloading class 0x0000019598198400 'java/lang/invoke/LambdaForm$MH+0x0000019598198400'
Event: 5.645 Thread 0x0000019580170950 Unloading class 0x0000019598198000 'java/lang/invoke/LambdaForm$MH+0x0000019598198000'
Event: 5.645 Thread 0x0000019580170950 Unloading class 0x0000019598197c00 'java/lang/invoke/LambdaForm$BMH+0x0000019598197c00'
Event: 5.645 Thread 0x0000019580170950 Unloading class 0x0000019598197800 'java/lang/invoke/LambdaForm$DMH+0x0000019598197800'
Event: 5.645 Thread 0x0000019580170950 Unloading class 0x0000019598196400 'java/lang/invoke/LambdaForm$DMH+0x0000019598196400'

Classes redefined (0 events):
No events

Internal exceptions (20 events):
Event: 18.975 Thread 0x00000195e24b4cd0 Exception <a 'sun/nio/fs/WindowsException'{0x00000000eac6ec38}> (0x00000000eac6ec38) 
thrown [s\src\hotspot\share\prims\jni.cpp, line 520]
Event: 18.976 Thread 0x00000195e24b4cd0 Exception <a 'sun/nio/fs/WindowsException'{0x00000000eaca93a8}> (0x00000000eaca93a8) 
thrown [s\src\hotspot\share\prims\jni.cpp, line 520]
Event: 18.976 Thread 0x00000195e24b4cd0 Exception <a 'sun/nio/fs/WindowsException'{0x00000000eaca9c88}> (0x00000000eaca9c88) 
thrown [s\src\hotspot\share\prims\jni.cpp, line 520]
Event: 18.977 Thread 0x00000195e24b4cd0 Exception <a 'sun/nio/fs/WindowsException'{0x00000000eacac830}> (0x00000000eacac830) 
thrown [s\src\hotspot\share\prims\jni.cpp, line 520]
Event: 18.977 Thread 0x00000195e24b4cd0 Exception <a 'sun/nio/fs/WindowsException'{0x00000000eacad130}> (0x00000000eacad130) 
thrown [s\src\hotspot\share\prims\jni.cpp, line 520]
Event: 18.981 Thread 0x00000195e24b4cd0 Exception <a 'sun/nio/fs/WindowsException'{0x00000000eacaed38}> (0x00000000eacaed38) 
thrown [s\src\hotspot\share\prims\jni.cpp, line 520]
Event: 18.981 Thread 0x00000195e24b4cd0 Exception <a 'sun/nio/fs/WindowsException'{0x00000000eacaf618}> (0x00000000eacaf618) 
thrown [s\src\hotspot\share\prims\jni.cpp, line 520]
Event: 18.985 Thread 0x00000195e24b4cd0 Exception <a 'sun/nio/fs/WindowsException'{0x00000000eacc1ed0}> (0x00000000eacc1ed0) 
thrown [s\src\hotspot\share\prims\jni.cpp, line 520]
Event: 18.985 Thread 0x00000195e24b4cd0 Exception <a 'sun/nio/fs/WindowsException'{0x00000000eacc27d0}> (0x00000000eacc27d0) 
thrown [s\src\hotspot\share\prims\jni.cpp, line 520]
Event: 18.986 Thread 0x00000195e24b4cd0 Exception <a 'sun/nio/fs/WindowsException'{0x00000000eacc3458}> (0x00000000eacc3458) 
thrown [s\src\hotspot\share\prims\jni.cpp, line 520]
Event: 18.986 Thread 0x00000195e24b4cd0 Exception <a 'sun/nio/fs/WindowsException'{0x00000000eacc3aa8}> (0x00000000eacc3aa8) 
thrown [s\src\hotspot\share\prims\jni.cpp, line 520]
Event: 18.987 Thread 0x00000195e24b4cd0 Exception <a 'sun/nio/fs/WindowsException'{0x00000000eacc4788}> (0x00000000eacc4788) 
thrown [s\src\hotspot\share\prims\jni.cpp, line 520]
Event: 18.987 Thread 0x00000195e24b4cd0 Exception <a 'sun/nio/fs/WindowsException'{0x00000000eacc4db8}> (0x00000000eacc4db8) 
thrown [s\src\hotspot\share\prims\jni.cpp, line 520]
Event: 18.987 Thread 0x00000195e24b4cd0 Exception <a 'sun/nio/fs/WindowsException'{0x00000000eacc5940}> (0x00000000eacc5940) 
thrown [s\src\hotspot\share\prims\jni.cpp, line 520]
Event: 18.987 Thread 0x00000195e24b4cd0 Exception <a 'sun/nio/fs/WindowsException'{0x00000000eacc5f70}> (0x00000000eacc5f70) 
thrown [s\src\hotspot\share\prims\jni.cpp, line 520]
Event: 19.059 Thread 0x00000195e24b4cd0 Exception <a 'java/lang/IncompatibleClassChangeError'{0x00000000eaf814e0}: Found class java.lang.Object, but interface was expected> (0x00000000eaf814e0) 
thrown [s\src\hotspot\share\interpreter\linkResolver.cpp, line 840]
Event: 19.118 Thread 0x00000195e24b4cd0 Exception <a 'java/lang/IncompatibleClassChangeError'{0x00000000eb3a49e8}: Found class java.lang.Object, but interface was expected> (0x00000000eb3a49e8) 
thrown [s\src\hotspot\share\interpreter\linkResolver.cpp, line 840]
Event: 19.948 Thread 0x00000195dec92fb0 Implicit null exception at 0x000001958cfa38d4 to 0x000001958cfa6300
Event: 21.105 Thread 0x00000195e24b4cd0 Exception <a 'java/lang/IncompatibleClassChangeError'{0x00000000eac783d8}: Found class java.lang.Object, but interface was expected> (0x00000000eac783d8) 
thrown [s\src\hotspot\share\interpreter\linkResolver.cpp, line 840]
Event: 21.121 Thread 0x00000195dec94360 Exception <a 'sun/nio/fs/WindowsException'{0x00000000eaca07a8}> (0x00000000eaca07a8) 
thrown [s\src\hotspot\share\prims\jni.cpp, line 520]

ZGC Phase Switch (0 events):
No events

VM Operations (20 events):
Event: 19.842 Executing VM operation: ParallelGCFailedAllocation (Allocation Failure)
Event: 19.864 Executing VM operation: ParallelGCFailedAllocation (Allocation Failure) done
Event: 19.925 Executing VM operation: ParallelGCFailedAllocation (Allocation Failure)
Event: 19.932 Executing VM operation: ParallelGCFailedAllocation (Allocation Failure) done
Event: 20.066 Executing VM operation: ParallelGCFailedAllocation (Allocation Failure)
Event: 20.069 Executing VM operation: ParallelGCFailedAllocation (Allocation Failure) done
Event: 20.154 Executing VM operation: ParallelGCFailedAllocation (Allocation Failure)
Event: 20.158 Executing VM operation: ParallelGCFailedAllocation (Allocation Failure) done
Event: 20.336 Executing VM operation: ParallelGCFailedAllocation (Allocation Failure)
Event: 20.351 Executing VM operation: ParallelGCFailedAllocation (Allocation Failure) done
Event: 20.395 Executing VM operation: ParallelGCFailedAllocation (Allocation Failure)
Event: 20.401 Executing VM operation: ParallelGCFailedAllocation (Allocation Failure) done
Event: 20.505 Executing VM operation: ParallelGCFailedAllocation (Allocation Failure)
Event: 20.507 Executing VM operation: ParallelGCFailedAllocation (Allocation Failure) done
Event: 20.676 Executing VM operation: HandshakeAllThreads (Deoptimize)
Event: 20.677 Executing VM operation: HandshakeAllThreads (Deoptimize) done
Event: 20.811 Executing VM operation: ParallelGCFailedAllocation (Allocation Failure)
Event: 20.813 Executing VM operation: ParallelGCFailedAllocation (Allocation Failure) done
Event: 21.074 Executing VM operation: ParallelGCFailedAllocation (Allocation Failure)
Event: 21.076 Executing VM operation: ParallelGCFailedAllocation (Allocation Failure) done

Memory protections (0 events):
No events

Nmethod flushes (20 events):
Event: 18.179 Thread 0x0000019580170950 flushing  nmethod 0x0000019585834210
Event: 18.179 Thread 0x0000019580170950 flushing  nmethod 0x0000019585836790
Event: 18.179 Thread 0x0000019580170950 flushing  nmethod 0x0000019585836c10
Event: 18.179 Thread 0x0000019580170950 flushing  nmethod 0x0000019585837090
Event: 18.179 Thread 0x0000019580170950 flushing  nmethod 0x0000019585837690
Event: 18.179 Thread 0x0000019580170950 flushing  nmethod 0x0000019585837a90
Event: 18.179 Thread 0x0000019580170950 flushing  nmethod 0x0000019585838e10
Event: 18.179 Thread 0x0000019580170950 flushing  nmethod 0x000001958583a710
Event: 18.179 Thread 0x0000019580170950 flushing  nmethod 0x000001958583ad10
Event: 18.179 Thread 0x0000019580170950 flushing  nmethod 0x0000019585845b10
Event: 18.179 Thread 0x0000019580170950 flushing  nmethod 0x0000019585846310
Event: 18.179 Thread 0x0000019580170950 flushing  nmethod 0x0000019585870190
Event: 18.179 Thread 0x0000019580170950 flushing  nmethod 0x000001958587e110
Event: 18.179 Thread 0x0000019580170950 flushing  nmethod 0x0000019585880010
Event: 18.179 Thread 0x0000019580170950 flushing  nmethod 0x0000019585884e90
Event: 18.179 Thread 0x0000019580170950 flushing  nmethod 0x0000019585886c90
Event: 18.179 Thread 0x0000019580170950 flushing  nmethod 0x0000019585887290
Event: 18.179 Thread 0x0000019580170950 flushing  nmethod 0x0000019585887b10
Event: 18.179 Thread 0x0000019580170950 flushing  nmethod 0x000001958588c390
Event: 18.179 Thread 0x0000019580170950 flushing  nmethod 0x0000019585895810

Events (20 events):
Event: 17.011 Thread 0x00000195e24b7430 Thread added: 0x00000195e1bea1a0
Event: 17.022 Thread 0x00000195e24b8150 Thread added: 0x00000195e1be80d0
Event: 17.026 Thread 0x00000195e1beaec0 Thread added: 0x00000195e1bebbe0
Event: 17.027 Thread 0x00000195d8ecdb30 Thread added: 0x00000195e1be9480
Event: 17.034 Thread 0x00000195e1beaec0 Thread added: 0x00000195e1bea830
Event: 17.035 Thread 0x00000195e24b7430 Thread added: 0x00000195e1beb550
Event: 17.498 Thread 0x00000195dec949f0 Thread added: 0x00000195e1be8760
Event: 17.498 Thread 0x00000195dec949f0 Thread added: 0x00000195e1bec270
Event: 17.499 Thread 0x00000195dec949f0 Thread added: 0x00000195e1be8df0
Event: 17.499 Thread 0x00000195dec949f0 Thread added: 0x00000195e1bec900
Event: 17.499 Thread 0x00000195dec949f0 Thread added: 0x00000195e1be9b10
Event: 17.499 Thread 0x00000195dec949f0 Thread added: 0x00000195e1bedcb0
Event: 17.499 Thread 0x00000195dec949f0 Thread added: 0x00000195e1becf90
Event: 17.499 Thread 0x00000195dec949f0 Thread added: 0x00000195e1bed620
Event: 17.499 Thread 0x00000195dec949f0 Thread added: 0x00000195e1bee340
Event: 17.499 Thread 0x00000195dec949f0 Thread added: 0x00000195e1bee9d0
Event: 18.075 Thread 0x00000195dec949f0 Thread added: 0x00000195e1bef6f0
Event: 18.236 Thread 0x00000195dec949f0 Thread added: 0x00000195e1a35960
Event: 18.335 Thread 0x00000195dec949f0 Thread added: 0x00000195e1a33f20
Event: 18.335 Thread 0x00000195dec949f0 Thread added: 0x00000195e1a345b0


Dynamic libraries:
0x00007ff70fb50000 - 0x00007ff70fb5e000 	c:\Users\carlo\.vscode\extensions\redhat.java-1.41.1-win32-x64\jre\21.0.6-win32-x86_64\bin\java.exe
0x00007ffd58500000 - 0x00007ffd58766000 	C:\WINDOWS\SYSTEM32\ntdll.dll
0x00007ffd57700000 - 0x00007ffd577c9000 	C:\WINDOWS\System32\KERNEL32.DLL
0x00007ffd55c50000 - 0x00007ffd5601c000 	C:\WINDOWS\System32\KERNELBASE.dll
0x00007ffd55980000 - 0x00007ffd55acb000 	C:\WINDOWS\System32\ucrtbase.dll
0x00007ffd09040000 - 0x00007ffd09058000 	c:\Users\carlo\.vscode\extensions\redhat.java-1.41.1-win32-x64\jre\21.0.6-win32-x86_64\bin\jli.dll
0x00007ffd016a0000 - 0x00007ffd016be000 	c:\Users\carlo\.vscode\extensions\redhat.java-1.41.1-win32-x64\jre\21.0.6-win32-x86_64\bin\VCRUNTIME140.dll
0x00007ffd57be0000 - 0x00007ffd57daa000 	C:\WINDOWS\System32\USER32.dll
0x00007ffd55690000 - 0x00007ffd556b7000 	C:\WINDOWS\System32\win32u.dll
0x00007ffd40420000 - 0x00007ffd406ba000 	C:\WINDOWS\WinSxS\amd64_microsoft.windows.common-controls_6595b64144ccf1df_6.0.26100.3912_none_3e07963ce335137e\COMCTL32.dll
0x00007ffd57db0000 - 0x00007ffd57ddb000 	C:\WINDOWS\System32\GDI32.dll
0x00007ffd57f60000 - 0x00007ffd58009000 	C:\WINDOWS\System32\msvcrt.dll
0x00007ffd560e0000 - 0x00007ffd56212000 	C:\WINDOWS\System32\gdi32full.dll
0x00007ffd558d0000 - 0x00007ffd55973000 	C:\WINDOWS\System32\msvcp_win.dll
0x00007ffd57ba0000 - 0x00007ffd57bd0000 	C:\WINDOWS\System32\IMM32.DLL
0x00007ffd28140000 - 0x00007ffd2814c000 	c:\Users\carlo\.vscode\extensions\redhat.java-1.41.1-win32-x64\jre\21.0.6-win32-x86_64\bin\vcruntime140_1.dll
0x00007ffced5c0000 - 0x00007ffced64d000 	c:\Users\carlo\.vscode\extensions\redhat.java-1.41.1-win32-x64\jre\21.0.6-win32-x86_64\bin\msvcp140.dll
0x00007ffcbb8c0000 - 0x00007ffcbc650000 	c:\Users\carlo\.vscode\extensions\redhat.java-1.41.1-win32-x64\jre\21.0.6-win32-x86_64\bin\server\jvm.dll
0x00007ffd564b0000 - 0x00007ffd56562000 	C:\WINDOWS\System32\ADVAPI32.dll
0x00007ffd57af0000 - 0x00007ffd57b96000 	C:\WINDOWS\System32\sechost.dll
0x00007ffd583a0000 - 0x00007ffd584b6000 	C:\WINDOWS\System32\RPCRT4.dll
0x00007ffd57ed0000 - 0x00007ffd57f44000 	C:\WINDOWS\System32\WS2_32.dll
0x00007ffd55260000 - 0x00007ffd552be000 	C:\WINDOWS\SYSTEM32\POWRPROF.dll
0x00007ffd53260000 - 0x00007ffd53296000 	C:\WINDOWS\SYSTEM32\WINMM.dll
0x00007ffd4e760000 - 0x00007ffd4e76b000 	C:\WINDOWS\SYSTEM32\VERSION.dll
0x00007ffd55240000 - 0x00007ffd55254000 	C:\WINDOWS\SYSTEM32\UMPDC.dll
0x00007ffd54370000 - 0x00007ffd5438a000 	C:\WINDOWS\SYSTEM32\kernel.appcore.dll
0x00007ffd20840000 - 0x00007ffd2084a000 	c:\Users\carlo\.vscode\extensions\redhat.java-1.41.1-win32-x64\jre\21.0.6-win32-x86_64\bin\jimage.dll
0x00007ffd52a30000 - 0x00007ffd52c71000 	C:\WINDOWS\SYSTEM32\DBGHELP.DLL
0x00007ffd58010000 - 0x00007ffd58394000 	C:\WINDOWS\System32\combase.dll
0x00007ffd57de0000 - 0x00007ffd57ec0000 	C:\WINDOWS\System32\OLEAUT32.dll
0x00007ffd3af00000 - 0x00007ffd3af39000 	C:\WINDOWS\SYSTEM32\dbgcore.DLL
0x00007ffd56220000 - 0x00007ffd562b9000 	C:\WINDOWS\System32\bcryptPrimitives.dll
0x00007ffd1f4b0000 - 0x00007ffd1f4bf000 	c:\Users\carlo\.vscode\extensions\redhat.java-1.41.1-win32-x64\jre\21.0.6-win32-x86_64\bin\instrument.dll
0x00007ffcf94c0000 - 0x00007ffcf94df000 	c:\Users\carlo\.vscode\extensions\redhat.java-1.41.1-win32-x64\jre\21.0.6-win32-x86_64\bin\java.dll
0x00007ffd56ed0000 - 0x00007ffd575fd000 	C:\WINDOWS\System32\SHELL32.dll
0x00007ffd55ad0000 - 0x00007ffd55c44000 	C:\WINDOWS\System32\wintypes.dll
0x00007ffd532e0000 - 0x00007ffd53b36000 	C:\WINDOWS\SYSTEM32\windows.storage.dll
0x00007ffd57600000 - 0x00007ffd576ef000 	C:\WINDOWS\System32\SHCORE.dll
0x00007ffd569d0000 - 0x00007ffd56a39000 	C:\WINDOWS\System32\shlwapi.dll
0x00007ffd555a0000 - 0x00007ffd555cf000 	C:\WINDOWS\SYSTEM32\profapi.dll
0x00007ffce72d0000 - 0x00007ffce72e8000 	c:\Users\carlo\.vscode\extensions\redhat.java-1.41.1-win32-x64\jre\21.0.6-win32-x86_64\bin\zip.dll
0x00007ffd1ea60000 - 0x00007ffd1ea70000 	C:\Users\carlo\.vscode\extensions\redhat.java-1.41.1-win32-x64\jre\21.0.6-win32-x86_64\bin\net.dll
0x00007ffd4c950000 - 0x00007ffd4ca6e000 	C:\WINDOWS\SYSTEM32\WINHTTP.dll
0x00007ffd54960000 - 0x00007ffd549ca000 	C:\WINDOWS\system32\mswsock.dll
0x00007ffce7290000 - 0x00007ffce72a6000 	C:\Users\carlo\.vscode\extensions\redhat.java-1.41.1-win32-x64\jre\21.0.6-win32-x86_64\bin\nio.dll
0x00007ffd1e580000 - 0x00007ffd1e590000 	c:\Users\carlo\.vscode\extensions\redhat.java-1.41.1-win32-x64\jre\21.0.6-win32-x86_64\bin\verify.dll
0x00007ffcedc30000 - 0x00007ffcedc75000 	C:\Users\carlo\AppData\Roaming\Code\User\globalStorage\redhat.java\1.41.1\config_win\org.eclipse.equinox.launcher\org.eclipse.equinox.launcher.win32.win32.x86_64_1.2.1300.v20250331-1702\eclipse_11911.dll
0x00007ffd565d0000 - 0x00007ffd5676f000 	C:\WINDOWS\System32\ole32.dll
0x00007ffd54d20000 - 0x00007ffd54d3c000 	C:\WINDOWS\SYSTEM32\CRYPTSP.dll
0x00007ffd54390000 - 0x00007ffd543ca000 	C:\WINDOWS\system32\rsaenh.dll
0x00007ffd54a00000 - 0x00007ffd54a2b000 	C:\WINDOWS\SYSTEM32\USERENV.dll
0x00007ffd55570000 - 0x00007ffd55596000 	C:\WINDOWS\SYSTEM32\bcrypt.dll
0x00007ffd54b90000 - 0x00007ffd54b9c000 	C:\WINDOWS\SYSTEM32\CRYPTBASE.dll
0x00007ffd53e30000 - 0x00007ffd53e63000 	C:\WINDOWS\SYSTEM32\IPHLPAPI.DLL
0x00007ffd57f50000 - 0x00007ffd57f5a000 	C:\WINDOWS\System32\NSI.dll
0x00007ffcedd00000 - 0x00007ffcedd49000 	C:\Users\carlo\AppData\Local\Temp\jna-94431319\jna14484496683080339414.dll
0x00007ffd56780000 - 0x00007ffd56788000 	C:\WINDOWS\System32\PSAPI.DLL
0x00007ffd4ce80000 - 0x00007ffd4ce9f000 	C:\WINDOWS\SYSTEM32\dhcpcsvc6.DLL
0x00007ffd4c1b0000 - 0x00007ffd4c1d5000 	C:\WINDOWS\SYSTEM32\dhcpcsvc.DLL

dbghelp: loaded successfully - version: 4.0.5 - missing functions: none
symbol engine: initialized successfully - sym options: 0x614 - pdb path: .;c:\Users\carlo\.vscode\extensions\redhat.java-1.41.1-win32-x64\jre\21.0.6-win32-x86_64\bin;C:\WINDOWS\SYSTEM32;C:\WINDOWS\WinSxS\amd64_microsoft.windows.common-controls_6595b64144ccf1df_6.0.26100.3912_none_3e07963ce335137e;c:\Users\carlo\.vscode\extensions\redhat.java-1.41.1-win32-x64\jre\21.0.6-win32-x86_64\bin\server;C:\Users\carlo\AppData\Roaming\Code\User\globalStorage\redhat.java\1.41.1\config_win\org.eclipse.equinox.launcher\org.eclipse.equinox.launcher.win32.win32.x86_64_1.2.1300.v20250331-1702;C:\Users\carlo\AppData\Local\Temp\jna-94431319

VM Arguments:
jvm_args: --add-modules=ALL-SYSTEM --add-opens=java.base/java.util=ALL-UNNAMED --add-opens=java.base/java.lang=ALL-UNNAMED --add-opens=java.base/sun.nio.fs=ALL-UNNAMED -Declipse.application=org.eclipse.jdt.ls.core.id1 -Dosgi.bundles.defaultStartLevel=4 -Declipse.product=org.eclipse.jdt.ls.core.product -Djava.import.generatesMetadataFilesAtProjectRoot=false -DDetectVMInstallationsJob.disabled=true -Dfile.encoding=utf8 -XX:+UseParallelGC -XX:GCTimeRatio=4 -XX:AdaptiveSizePolicyWeight=90 -Dsun.zip.disableMemoryMapping=true -Xmx1G -Xms100m -Xlog:disable -javaagent:c:\Users\carlo\.vscode\extensions\redhat.java-1.41.1-win32-x64\lombok\lombok-1.18.36.jar -XX:+HeapDumpOnOutOfMemoryError -XX:HeapDumpPath=c:\Users\carlo\AppData\Roaming\Code\User\workspaceStorage\d3e6e87d2bd02a0ff877685e21a13f91\redhat.java -Daether.dependencyCollector.impl=bf 
java_command: c:\Users\carlo\.vscode\extensions\redhat.java-1.41.1-win32-x64\server\plugins\org.eclipse.equinox.launcher_1.7.0.v20250331-1702.jar -configuration c:\Users\carlo\AppData\Roaming\Code\User\globalStorage\redhat.java\1.41.1\config_win -data c:\Users\carlo\AppData\Roaming\Code\User\workspaceStorage\d3e6e87d2bd02a0ff877685e21a13f91\redhat.java\jdt_ws --pipe=\\.\pipe\lsp-d13cfdeb71ad374f88c8c0d9c32d3722-sock
java_class_path (initial): c:\Users\carlo\.vscode\extensions\redhat.java-1.41.1-win32-x64\server\plugins\org.eclipse.equinox.launcher_1.7.0.v20250331-1702.jar
Launcher Type: SUN_STANDARD

[Global flags]
    uintx AdaptiveSizePolicyWeight                 = 90                                        {product} {command line}
     intx CICompilerCount                          = 4                                         {product} {ergonomic}
    uintx GCTimeRatio                              = 4                                         {product} {command line}
     bool HeapDumpOnOutOfMemoryError               = true                                   {manageable} {command line}
    ccstr HeapDumpPath                             = c:\Users\carlo\AppData\Roaming\Code\User\workspaceStorage\d3e6e87d2bd02a0ff877685e21a13f91\redhat.java         {manageable} {command line}
   size_t InitialHeapSize                          = 104857600                                 {product} {command line}
   size_t MaxHeapSize                              = 1073741824                                {product} {command line}
   size_t MaxNewSize                               = 357564416                                 {product} {ergonomic}
   size_t MinHeapDeltaBytes                        = 524288                                    {product} {ergonomic}
   size_t MinHeapSize                              = 104857600                                 {product} {command line}
   size_t NewSize                                  = 34603008                                  {product} {ergonomic}
    uintx NonNMethodCodeHeapSize                   = 5839372                                {pd product} {ergonomic}
    uintx NonProfiledCodeHeapSize                  = 122909434                              {pd product} {ergonomic}
   size_t OldSize                                  = 70254592                                  {product} {ergonomic}
    uintx ProfiledCodeHeapSize                     = 122909434                              {pd product} {ergonomic}
    uintx ReservedCodeCacheSize                    = 251658240                              {pd product} {ergonomic}
     bool SegmentedCodeCache                       = true                                      {product} {ergonomic}
   size_t SoftMaxHeapSize                          = 1073741824                             {manageable} {ergonomic}
     bool UseCompressedOops                        = true                           {product lp64_product} {ergonomic}
     bool UseLargePagesIndividualAllocation        = false                                  {pd product} {ergonomic}
     bool UseParallelGC                            = true                                      {product} {command line}

Logging:
Log output configuration:
 #0: stdout all=off uptime,level,tags foldmultilines=false
 #1: stderr all=off uptime,level,tags foldmultilines=false

Environment Variables:
JAVA_HOME=C:\Program Files\Java\jdk-22
PATH=D:\Pyton\Scripts\;D:\Pyton\;C:\Program Files (x86)\NVIDIA Corporation\PhysX\Common;C:\Program Files\Common Files\Oracle\Java\javapath;C:\Program Files (x86)\Common Files\Oracle\Java\java8path;C:\Program Files (x86)\Common Files\Oracle\Java\javapath;C:\WINDOWS\system32;C:\WINDOWS;C:\WINDOWS\System32\Wbem;C:\WINDOWS\System32\WindowsPowerShell\v1.0\;C:\WINDOWS\System32\OpenSSH\;C:\Program Files\Java\jdk-22\bin;C:\MinGW\bin;D:\ARCHIVOS DE PROGRAMA\MatLab\bin;D:\ARCHIVOS DE PROGRAMA\nodejs\;C:\msys64\ucrt64\bin;C:\Program Files\MongoDB\Server\8.0\bin;C:\Program Files\MongoDB\mongosh-2.4.0-win32-x64\bin;D:\ARCHIVOS DE PROGRAMA\Amazon\;C:\Program Files\Git\cmd;C:\Users\carlo\AppData\Local\Programs\oh-my-posh\bin\;C:\Users\carlo\AppData\Local\Microsoft\WindowsApps;C:\Users\carlo\AppData\Local\Programs\Microsoft VS Code\bin;C:\apache-maven-3.9.6\bin;D:\ARCHIVOS DE PROGRAMA\Postgres\17\bin;C:\Users\carlo\AppData\Roaming\npm;D:\ARCHIVOS DE PROGRAMA\MikText\miktex\bin\x64\;D:\ARCHIVOS DE PROGRAMA\cursor\resources\app\bin;C:\Users\carlo\AppData\Local\gitkraken\bin
USERNAME=carlo
OS=Windows_NT
PROCESSOR_IDENTIFIER=AMD64 Family 23 Model 96 Stepping 1, AuthenticAMD
TMP=C:\Users\carlo\AppData\Local\Temp
TEMP=C:\Users\carlo\AppData\Local\Temp




Periodic native trim disabled

---------------  S Y S T E M  ---------------

OS:
 Windows 11 , 64 bit Build 26100 (10.0.26100.3912)
OS uptime: 13 days 7:25 hours
Hyper-V role detected

CPU: total 12 (initial active 12) (12 cores per cpu, 2 threads per core) family 23 model 96 stepping 1 microcode 0x8600106, cx8, cmov, fxsr, ht, mmx, 3dnowpref, sse, sse2, sse3, ssse3, sse4a, sse4.1, sse4.2, popcnt, lzcnt, tsc, tscinvbit, avx, avx2, aes, clmul, bmi1, bmi2, adx, sha, fma, vzeroupper, clflush, clflushopt, hv, rdtscp, rdpid, f16c
Processor Information for the first 12 processors :
  Max Mhz: 3000, Current Mhz: 3000, Mhz Limit: 3000

Memory: 4k page, system-wide physical 15741M (2095M free)
TotalPageFile size 25720M (AvailPageFile size 0M)
current process WorkingSet (physical memory assigned to process): 315M, peak: 321M
current process commit charge ("private bytes"): 358M, peak: 368M

vm_info: OpenJDK 64-Bit Server VM (21.0.6+7-LTS) for windows-amd64 JRE (21.0.6+7-LTS), built on 2025-01-21T00:00:00Z by "admin" with MS VC++ 17.7 (VS2022)

END.
